0 verbose cli C:\Program Files\nodejs\node.exe C:\Program Files\nodejs\node_modules\npm\bin\npm-cli.js
1 info using npm@11.6.2
2 info using node@v24.13.0
3 silly config load:file:C:\Program Files\nodejs\node_modules\npm\npmrc
4 silly config load:file:C:\Users\noice\Downloads\tareas-ecolares-main\tareas-ecolares-main\backend\frontend\.npmrc
5 silly config load:file:C:\Users\noice\.npmrc
6 silly config load:file:C:\Users\noice\AppData\Roaming\npm\etc\npmrc
7 verbose title npm install
8 verbose argv "install" "--cache" ".npm-cache"
9 verbose logfile logs-max:10 dir:C:\Users\noice\Downloads\tareas-ecolares-main\tareas-ecolares-main\backend\frontend\.npm-cache\_logs\2026-03-16T20_07_31_341Z-
10 verbose logfile C:\Users\noice\Downloads\tareas-ecolares-main\tareas-ecolares-main\backend\frontend\.npm-cache\_logs\2026-03-16T20_07_31_341Z-debug-0.log
11 silly logfile done cleaning log files
12 silly packumentCache heap:4496293888 maxSize:1124073472 maxEntrySize:562036736
13 silly idealTree buildDeps
14 silly fetch manifest react@^18.3.1
15 silly packumentCache full:https://registry.npmjs.org/react cache-miss
16 http fetch GET 200 https://registry.npmjs.org/react 980ms (cache miss)
17 silly packumentCache full:https://registry.npmjs.org/react set size:undefined disposed:false
18 silly fetch manifest react-dom@^18.3.1
19 silly packumentCache full:https://registry.npmjs.org/react-dom cache-miss
20 http fetch GET 200 https://registry.npmjs.org/react-dom 226ms (cache miss)
21 silly packumentCache full:https://registry.npmjs.org/react-dom set size:undefined disposed:false
22 silly fetch manifest @vitejs/plugin-react@^4.3.2
23 silly packumentCache full:https://registry.npmjs.org/@vitejs%2fplugin-react cache-miss
24 http fetch GET 200 https://registry.npmjs.org/@vitejs%2fplugin-react 131ms (cache miss)
25 silly packumentCache full:https://registry.npmjs.org/@vitejs%2fplugin-react set size:undefined disposed:false
26 silly fetch manifest vite@^5.4.8
27 silly packumentCache full:https://registry.npmjs.org/vite cache-miss
28 http fetch GET 200 https://registry.npmjs.org/vite 813ms (cache miss)
29 silly packumentCache full:https://registry.npmjs.org/vite set size:undefined disposed:false
30 silly fetch manifest @types/node@^18.0.0 || >=20.0.0
31 silly packumentCache full:https://registry.npmjs.org/@types%2fnode cache-miss
32 http fetch GET 200 https://registry.npmjs.org/@types%2fnode 239ms (cache miss)
33 silly packumentCache full:https://registry.npmjs.org/@types%2fnode set size:undefined disposed:false
34 silly fetch manifest less@*
35 silly packumentCache full:https://registry.npmjs.org/less cache-miss
36 http fetch GET 200 https://registry.npmjs.org/less 121ms (cache miss)
37 silly packumentCache full:https://registry.npmjs.org/less set size:undefined disposed:false
38 silly fetch manifest lightningcss@^1.21.0
39 silly packumentCache full:https://registry.npmjs.org/lightningcss cache-miss
40 http fetch GET 200 https://registry.npmjs.org/lightningcss 115ms (cache miss)
41 silly packumentCache full:https://registry.npmjs.org/lightningcss set size:undefined disposed:false
42 silly fetch manifest sass@*
43 silly packumentCache full:https://registry.npmjs.org/sass cache-miss
44 http fetch GET 200 https://registry.npmjs.org/sass 124ms (cache miss)
45 silly packumentCache full:https://registry.npmjs.org/sass set size:undefined disposed:false
46 silly fetch manifest sass-embedded@*
47 silly packumentCache full:https://registry.npmjs.org/sass-embedded cache-miss
48 http fetch GET 200 https://registry.npmjs.org/sass-embedded 125ms (cache miss)
49 silly packumentCache full:https://registry.npmjs.org/sass-embedded set size:undefined disposed:false
50 silly fetch manifest stylus@*
51 silly packumentCache full:https://registry.npmjs.org/stylus cache-miss
52 http fetch GET 200 https://registry.npmjs.org/stylus 118ms (cache miss)
53 silly packumentCache full:https://registry.npmjs.org/stylus set size:undefined disposed:false
54 silly fetch manifest sugarss@*
55 silly packumentCache full:https://registry.npmjs.org/sugarss cache-miss
56 http fetch GET 200 https://registry.npmjs.org/sugarss 114ms (cache miss)
57 silly packumentCache full:https://registry.npmjs.org/sugarss set size:undefined disposed:false
58 silly fetch manifest postcss@^8.3.3
59 silly packumentCache full:https://registry.npmjs.org/postcss cache-miss
60 http fetch GET 200 https://registry.npmjs.org/postcss 125ms (cache miss)
61 silly packumentCache full:https://registry.npmjs.org/postcss set size:undefined disposed:false
62 silly fetch manifest terser@^5.4.0
63 silly packumentCache full:https://registry.npmjs.org/terser cache-miss
64 http fetch GET 200 https://registry.npmjs.org/terser 129ms (cache miss)
65 silly packumentCache full:https://registry.npmjs.org/terser set size:undefined disposed:false
66 silly placeDep ROOT @vitejs/plugin-react@4.7.0 OK for: tareas-escolares-frontend@0.1.0 want: ^4.3.2
67 silly placeDep ROOT vite@5.4.21 OK for: @vitejs/plugin-react@4.7.0 want: ^4.2.0 || ^5.0.0 || ^6.0.0 || ^7.0.0
68 silly placeDep ROOT react@18.3.1 OK for: tareas-escolares-frontend@0.1.0 want: ^18.3.1
69 silly placeDep ROOT react-dom@18.3.1 OK for: tareas-escolares-frontend@0.1.0 want: ^18.3.1
70 silly fetch manifest @babel/core@^7.28.0
71 silly packumentCache full:https://registry.npmjs.org/@babel%2fcore cache-miss
72 silly fetch manifest react-refresh@^0.17.0
73 silly packumentCache full:https://registry.npmjs.org/react-refresh cache-miss
74 silly fetch manifest @types/babel__core@^7.20.5
75 silly packumentCache full:https://registry.npmjs.org/@types%2fbabel__core cache-miss
76 silly fetch manifest @rolldown/pluginutils@1.0.0-beta.27
77 silly packumentCache full:https://registry.npmjs.org/@rolldown%2fpluginutils cache-miss
78 silly fetch manifest @babel/plugin-transform-react-jsx-self@^7.27.1
79 silly packumentCache full:https://registry.npmjs.org/@babel%2fplugin-transform-react-jsx-self cache-miss
80 silly fetch manifest @babel/plugin-transform-react-jsx-source@^7.27.1
81 silly packumentCache full:https://registry.npmjs.org/@babel%2fplugin-transform-react-jsx-source cache-miss
82 silly fetch manifest rollup@^4.20.0
83 silly packumentCache full:https://registry.npmjs.org/rollup cache-miss
84 silly fetch manifest esbuild@^0.21.3
85 silly packumentCache full:https://registry.npmjs.org/esbuild cache-miss
86 silly fetch manifest postcss@^8.4.43
87 silly packumentCache full:https://registry.npmjs.org/postcss cache-miss
88 silly fetch manifest fsevents@~2.3.3
89 silly packumentCache full:https://registry.npmjs.org/fsevents cache-miss
90 silly fetch manifest loose-envify@^1.1.0
91 silly packumentCache full:https://registry.npmjs.org/loose-envify cache-miss
92 http cache https://registry.npmjs.org/postcss 35ms (cache hit)
93 silly packumentCache full:https://registry.npmjs.org/postcss set size:702266 disposed:false
94 silly fetch manifest scheduler@^0.23.2
95 silly packumentCache full:https://registry.npmjs.org/scheduler cache-miss
96 http fetch GET 200 https://registry.npmjs.org/@babel%2fcore 132ms (cache miss)
97 silly packumentCache full:https://registry.npmjs.org/@babel%2fcore set size:undefined disposed:false
98 silly fetch manifest loose-envify@^1.1.0
99 silly packumentCache full:https://registry.npmjs.org/loose-envify cache-miss
100 http fetch GET 200 https://registry.npmjs.org/@types%2fbabel__core 238ms (cache miss)
101 silly packumentCache full:https://registry.npmjs.org/@types%2fbabel__core set size:undefined disposed:false
102 http fetch GET 200 https://registry.npmjs.org/loose-envify 135ms (cache miss)
103 silly packumentCache full:https://registry.npmjs.org/loose-envify set size:undefined disposed:false
104 http fetch GET 200 https://registry.npmjs.org/@babel%2fplugin-transform-react-jsx-source 289ms (cache miss)
105 silly packumentCache full:https://registry.npmjs.org/@babel%2fplugin-transform-react-jsx-source set size:undefined disposed:false
106 http fetch GET 200 https://registry.npmjs.org/loose-envify 418ms (cache miss)
107 silly packumentCache full:https://registry.npmjs.org/loose-envify set size:undefined disposed:false
108 http fetch GET 200 https://registry.npmjs.org/@rolldown%2fpluginutils 446ms (cache miss)
109 silly packumentCache full:https://registry.npmjs.org/@rolldown%2fpluginutils set size:undefined disposed:false
110 http fetch GET 200 https://registry.npmjs.org/@babel%2fplugin-transform-react-jsx-self 453ms (cache miss)
111 silly packumentCache full:https://registry.npmjs.org/@babel%2fplugin-transform-react-jsx-self set size:undefined disposed:false
112 http fetch GET 200 https://registry.npmjs.org/fsevents 460ms (cache miss)
113 silly packumentCache full:https://registry.npmjs.org/fsevents set size:undefined disposed:false
114 http fetch GET 200 https://registry.npmjs.org/rollup 488ms (cache miss)
115 silly packumentCache full:https://registry.npmjs.org/rollup set size:undefined disposed:false
116 http fetch GET 200 https://registry.npmjs.org/react-refresh 581ms (cache miss)
117 silly packumentCache full:https://registry.npmjs.org/react-refresh set size:undefined disposed:false
118 http fetch GET 200 https://registry.npmjs.org/scheduler 595ms (cache miss)
119 silly packumentCache full:https://registry.npmjs.org/scheduler set size:undefined disposed:false
120 http fetch GET 200 https://registry.npmjs.org/esbuild 691ms (cache miss)
121 silly packumentCache full:https://registry.npmjs.org/esbuild set size:undefined disposed:false
122 silly placeDep ROOT @babel/core@7.29.0 OK for: @vitejs/plugin-react@4.7.0 want: ^7.28.0
123 silly placeDep ROOT @babel/plugin-transform-react-jsx-self@7.27.1 OK for: @vitejs/plugin-react@4.7.0 want: ^7.27.1
124 silly placeDep ROOT @babel/plugin-transform-react-jsx-source@7.27.1 OK for: @vitejs/plugin-react@4.7.0 want: ^7.27.1
125 silly placeDep ROOT @rolldown/pluginutils@1.0.0-beta.27 OK for: @vitejs/plugin-react@4.7.0 want: 1.0.0-beta.27
126 silly placeDep ROOT @types/babel__core@7.20.5 OK for: @vitejs/plugin-react@4.7.0 want: ^7.20.5
127 silly placeDep ROOT react-refresh@0.17.0 OK for: @vitejs/plugin-react@4.7.0 want: ^0.17.0
128 silly fetch manifest debug@^4.1.0
129 silly packumentCache full:https://registry.npmjs.org/debug cache-miss
130 silly fetch manifest json5@^2.2.3
131 silly packumentCache full:https://registry.npmjs.org/json5 cache-miss
132 silly fetch manifest semver@^6.3.1
133 silly packumentCache full:https://registry.npmjs.org/semver cache-miss
134 silly fetch manifest gensync@^1.0.0-beta.2
135 silly packumentCache full:https://registry.npmjs.org/gensync cache-miss
136 silly fetch manifest @babel/types@^7.29.0
137 silly packumentCache full:https://registry.npmjs.org/@babel%2ftypes cache-miss
138 silly fetch manifest @babel/parser@^7.29.0
139 silly packumentCache full:https://registry.npmjs.org/@babel%2fparser cache-miss
140 silly fetch manifest @babel/helpers@^7.28.6
141 silly packumentCache full:https://registry.npmjs.org/@babel%2fhelpers cache-miss
142 silly fetch manifest @babel/template@^7.28.6
143 silly packumentCache full:https://registry.npmjs.org/@babel%2ftemplate cache-miss
144 silly fetch manifest @babel/traverse@^7.29.0
145 silly packumentCache full:https://registry.npmjs.org/@babel%2ftraverse cache-miss
146 silly fetch manifest @babel/generator@^7.29.0
147 silly packumentCache full:https://registry.npmjs.org/@babel%2fgenerator cache-miss
148 silly fetch manifest @babel/code-frame@^7.29.0
149 silly packumentCache full:https://registry.npmjs.org/@babel%2fcode-frame cache-miss
150 http fetch GET 200 https://registry.npmjs.org/semver 86ms (cache miss)
151 silly packumentCache full:https://registry.npmjs.org/semver set size:undefined disposed:false
152 silly fetch manifest convert-source-map@^2.0.0
153 silly packumentCache full:https://registry.npmjs.org/convert-source-map cache-miss
154 http fetch GET 200 https://registry.npmjs.org/debug 121ms (cache miss)
155 silly packumentCache full:https://registry.npmjs.org/debug set size:undefined disposed:false
156 silly fetch manifest @jridgewell/remapping@^2.3.5
157 silly packumentCache full:https://registry.npmjs.org/@jridgewell%2fremapping cache-miss
158 http fetch GET 200 https://registry.npmjs.org/gensync 126ms (cache miss)
159 silly packumentCache full:https://registry.npmjs.org/gensync set size:undefined disposed:false
160 silly fetch manifest @babel/helper-module-transforms@^7.28.6
161 silly packumentCache full:https://registry.npmjs.org/@babel%2fhelper-module-transforms cache-miss
162 http fetch GET 200 https://registry.npmjs.org/@babel%2fgenerator 130ms (cache miss)
163 silly packumentCache full:https://registry.npmjs.org/@babel%2fgenerator set size:undefined disposed:false
164 silly fetch manifest @babel/helper-compilation-targets@^7.28.6
165 silly packumentCache full:https://registry.npmjs.org/@babel%2fhelper-compilation-targets cache-miss
166 http fetch GET 200 https://registry.npmjs.org/json5 147ms (cache miss)
167 silly packumentCache full:https://registry.npmjs.org/json5 set size:undefined disposed:false
168 silly fetch manifest @babel/helper-plugin-utils@^7.27.1
169 silly packumentCache full:https://registry.npmjs.org/@babel%2fhelper-plugin-utils cache-miss
170 http fetch GET 200 https://registry.npmjs.org/@babel%2ftraverse 159ms (cache miss)
171 silly packumentCache full:https://registry.npmjs.org/@babel%2ftraverse set size:undefined disposed:false
172 silly fetch manifest @babel/helper-plugin-utils@^7.27.1
173 silly packumentCache full:https://registry.npmjs.org/@babel%2fhelper-plugin-utils cache-miss
174 http fetch GET 200 https://registry.npmjs.org/@babel%2fcode-frame 172ms (cache miss)
175 silly packumentCache full:https://registry.npmjs.org/@babel%2fcode-frame set size:undefined disposed:false
176 silly fetch manifest @babel/types@^7.20.7
177 silly packumentCache full:https://registry.npmjs.org/@babel%2ftypes cache-miss
178 http fetch GET 200 https://registry.npmjs.org/@babel%2ftemplate 178ms (cache miss)
179 silly packumentCache full:https://registry.npmjs.org/@babel%2ftemplate set size:undefined disposed:false
180 silly fetch manifest @babel/parser@^7.20.7
181 silly packumentCache full:https://registry.npmjs.org/@babel%2fparser cache-miss
182 http fetch GET 200 https://registry.npmjs.org/convert-source-map 96ms (cache miss)
183 silly packumentCache full:https://registry.npmjs.org/convert-source-map set size:undefined disposed:false
184 silly fetch manifest @types/babel__template@*
185 silly packumentCache full:https://registry.npmjs.org/@types%2fbabel__template cache-miss
186 http fetch GET 200 https://registry.npmjs.org/@jridgewell%2fremapping 79ms (cache miss)
187 silly packumentCache full:https://registry.npmjs.org/@jridgewell%2fremapping set size:undefined disposed:false
188 silly fetch manifest @types/babel__traverse@*
189 silly packumentCache full:https://registry.npmjs.org/@types%2fbabel__traverse cache-miss
190 http fetch GET 200 https://registry.npmjs.org/@babel%2fhelper-module-transforms 90ms (cache miss)
191 silly packumentCache full:https://registry.npmjs.org/@babel%2fhelper-module-transforms set size:undefined disposed:false
192 silly fetch manifest @types/babel__generator@*
193 silly packumentCache full:https://registry.npmjs.org/@types%2fbabel__generator cache-miss
194 http fetch GET 200 https://registry.npmjs.org/@babel%2fhelper-compilation-targets 87ms (cache miss)
195 silly packumentCache full:https://registry.npmjs.org/@babel%2fhelper-compilation-targets set size:undefined disposed:false
196 http fetch GET 200 https://registry.npmjs.org/@babel%2fhelpers 235ms (cache miss)
197 silly packumentCache full:https://registry.npmjs.org/@babel%2fhelpers set size:undefined disposed:false
198 http fetch GET 200 https://registry.npmjs.org/@babel%2fparser 243ms (cache miss)
199 silly packumentCache full:https://registry.npmjs.org/@babel%2fparser set size:undefined disposed:false
200 http fetch GET 200 https://registry.npmjs.org/@babel%2fhelper-plugin-utils 102ms (cache miss)
201 silly packumentCache full:https://registry.npmjs.org/@babel%2fhelper-plugin-utils set size:undefined disposed:false
202 http fetch GET 200 https://registry.npmjs.org/@babel%2ftypes 263ms (cache miss)
203 silly packumentCache full:https://registry.npmjs.org/@babel%2ftypes set size:undefined disposed:false
204 http fetch GET 200 https://registry.npmjs.org/@types%2fbabel__template 88ms (cache miss)
205 silly packumentCache full:https://registry.npmjs.org/@types%2fbabel__template set size:undefined disposed:false
206 http fetch GET 200 https://registry.npmjs.org/@types%2fbabel__traverse 78ms (cache miss)
207 silly packumentCache full:https://registry.npmjs.org/@types%2fbabel__traverse set size:undefined disposed:false
208 http fetch GET 200 https://registry.npmjs.org/@babel%2fhelper-plugin-utils 132ms (cache miss)
209 silly packumentCache full:https://registry.npmjs.org/@babel%2fhelper-plugin-utils set size:undefined disposed:false
210 http fetch GET 200 https://registry.npmjs.org/@types%2fbabel__generator 91ms (cache miss)
211 silly packumentCache full:https://registry.npmjs.org/@types%2fbabel__generator set size:undefined disposed:false
212 http fetch GET 200 https://registry.npmjs.org/@babel%2ftypes 142ms (cache miss)
213 silly packumentCache full:https://registry.npmjs.org/@babel%2ftypes set size:undefined disposed:false
214 http fetch GET 200 https://registry.npmjs.org/@babel%2fparser 205ms (cache miss)
215 silly packumentCache full:https://registry.npmjs.org/@babel%2fparser set size:undefined disposed:false
216 silly fetch manifest @babel/core@^7.0.0
217 silly packumentCache full:https://registry.npmjs.org/@babel%2fcore cache-miss
218 http cache https://registry.npmjs.org/@babel%2fcore 8ms (cache hit)
219 silly packumentCache full:https://registry.npmjs.org/@babel%2fcore set size:756140 disposed:false
220 silly placeDep ROOT @babel/code-frame@7.29.0 OK for: @babel/core@7.29.0 want: ^7.29.0
221 silly placeDep ROOT @babel/generator@7.29.1 OK for: @babel/core@7.29.0 want: ^7.29.0
222 silly placeDep ROOT @babel/helper-compilation-targets@7.28.6 OK for: @babel/core@7.29.0 want: ^7.28.6
223 silly placeDep ROOT @babel/helper-module-transforms@7.28.6 OK for: @babel/core@7.29.0 want: ^7.28.6
224 silly placeDep ROOT @babel/helpers@7.28.6 OK for: @babel/core@7.29.0 want: ^7.28.6
225 silly placeDep ROOT @babel/parser@7.29.0 OK for: @babel/core@7.29.0 want: ^7.29.0
226 silly placeDep ROOT @babel/template@7.28.6 OK for: @babel/core@7.29.0 want: ^7.28.6
227 silly placeDep ROOT @babel/traverse@7.29.0 OK for: @babel/core@7.29.0 want: ^7.29.0
228 silly placeDep ROOT @babel/types@7.29.0 OK for: @babel/core@7.29.0 want: ^7.29.0
229 silly placeDep ROOT @jridgewell/remapping@2.3.5 OK for: @babel/core@7.29.0 want: ^2.3.5
230 silly placeDep ROOT convert-source-map@2.0.0 OK for: @babel/core@7.29.0 want: ^2.0.0
231 silly placeDep ROOT debug@4.4.3 OK for: @babel/core@7.29.0 want: ^4.1.0
232 silly placeDep ROOT gensync@1.0.0-beta.2 OK for: @babel/core@7.29.0 want: ^1.0.0-beta.2
233 silly placeDep ROOT json5@2.2.3 OK for: @babel/core@7.29.0 want: ^2.2.3
234 silly placeDep ROOT semver@6.3.1 OK for: @babel/core@7.29.0 want: ^6.3.1
235 silly fetch manifest js-tokens@^4.0.0
236 silly packumentCache full:https://registry.npmjs.org/js-tokens cache-miss
237 silly fetch manifest picocolors@^1.1.1
238 silly packumentCache full:https://registry.npmjs.org/picocolors cache-miss
239 silly fetch manifest @babel/helper-validator-identifier@^7.28.5
240 silly packumentCache full:https://registry.npmjs.org/@babel%2fhelper-validator-identifier cache-miss
241 silly fetch manifest jsesc@^3.0.2
242 silly packumentCache full:https://registry.npmjs.org/jsesc cache-miss
243 silly fetch manifest @jridgewell/gen-mapping@^0.3.12
244 silly packumentCache full:https://registry.npmjs.org/@jridgewell%2fgen-mapping cache-miss
245 silly fetch manifest @jridgewell/trace-mapping@^0.3.28
246 silly packumentCache full:https://registry.npmjs.org/@jridgewell%2ftrace-mapping cache-miss
247 silly fetch manifest lru-cache@^5.1.1
248 silly packumentCache full:https://registry.npmjs.org/lru-cache cache-miss
249 silly fetch manifest browserslist@^4.24.0
250 silly packumentCache full:https://registry.npmjs.org/browserslist cache-miss
251 silly fetch manifest @babel/compat-data@^7.28.6
252 silly packumentCache full:https://registry.npmjs.org/@babel%2fcompat-data cache-miss
253 silly fetch manifest @babel/helper-validator-option@^7.27.1
254 silly packumentCache full:https://registry.npmjs.org/@babel%2fhelper-validator-option cache-miss
255 silly fetch manifest @babel/traverse@^7.28.6
256 silly packumentCache full:https://registry.npmjs.org/@babel%2ftraverse cache-miss
257 http cache https://registry.npmjs.org/@babel%2ftraverse 13ms (cache hit)
258 silly packumentCache full:https://registry.npmjs.org/@babel%2ftraverse set size:546499 disposed:false
259 silly fetch manifest @babel/helper-module-imports@^7.28.6
260 silly packumentCache full:https://registry.npmjs.org/@babel%2fhelper-module-imports cache-miss
261 http fetch GET 200 https://registry.npmjs.org/js-tokens 85ms (cache miss)
262 silly packumentCache full:https://registry.npmjs.org/js-tokens set size:undefined disposed:false
263 silly fetch manifest @babel/helper-validator-identifier@^7.28.5
264 silly packumentCache full:https://registry.npmjs.org/@babel%2fhelper-validator-identifier cache-miss
265 http fetch GET 200 https://registry.npmjs.org/lru-cache 92ms (cache miss)
266 silly packumentCache full:https://registry.npmjs.org/lru-cache set size:undefined disposed:false
267 silly fetch manifest @babel/types@^7.28.6
268 silly packumentCache full:https://registry.npmjs.org/@babel%2ftypes cache-miss
269 http fetch GET 200 https://registry.npmjs.org/@babel%2fhelper-validator-identifier 106ms (cache miss)
270 silly packumentCache full:https://registry.npmjs.org/@babel%2fhelper-validator-identifier set size:undefined disposed:false
271 silly fetch manifest @babel/types@^7.28.6
272 silly packumentCache full:https://registry.npmjs.org/@babel%2ftypes cache-miss
273 http fetch GET 200 https://registry.npmjs.org/@babel%2fcompat-data 110ms (cache miss)
274 silly packumentCache full:https://registry.npmjs.org/@babel%2fcompat-data set size:undefined disposed:false
275 silly fetch manifest debug@^4.3.1
276 silly packumentCache full:https://registry.npmjs.org/debug cache-miss
277 http cache https://registry.npmjs.org/@babel%2ftypes 21ms (cache hit)
278 silly packumentCache full:https://registry.npmjs.org/@babel%2ftypes set size:485839 disposed:false
279 silly fetch manifest @babel/helper-globals@^7.28.0
280 silly packumentCache full:https://registry.npmjs.org/@babel%2fhelper-globals cache-miss
281 http fetch GET 200 https://registry.npmjs.org/@jridgewell%2ftrace-mapping 138ms (cache miss)
282 silly packumentCache full:https://registry.npmjs.org/@jridgewell%2ftrace-mapping set size:undefined disposed:false
283 silly fetch manifest @babel/helper-string-parser@^7.27.1
284 silly packumentCache full:https://registry.npmjs.org/@babel%2fhelper-string-parser cache-miss
285 http cache https://registry.npmjs.org/@babel%2ftypes 35ms (cache hit)
286 silly packumentCache full:https://registry.npmjs.org/@babel%2ftypes set size:485839 disposed:false
287 silly packumentCache full:https://registry.npmjs.org/@babel%2ftypes dispose
288 silly fetch manifest @jridgewell/gen-mapping@^0.3.5
289 silly packumentCache full:https://registry.npmjs.org/@jridgewell%2fgen-mapping cache-miss
290 http cache https://registry.npmjs.org/debug 38ms (cache hit)
291 silly packumentCache full:https://registry.npmjs.org/debug set size:195840 disposed:false
292 silly fetch manifest @jridgewell/trace-mapping@^0.3.24
293 silly packumentCache full:https://registry.npmjs.org/@jridgewell%2ftrace-mapping cache-miss
294 http fetch GET 200 https://registry.npmjs.org/picocolors 166ms (cache miss)
295 silly packumentCache full:https://registry.npmjs.org/picocolors set size:undefined disposed:false
296 silly fetch manifest ms@^2.1.3
297 silly packumentCache full:https://registry.npmjs.org/ms cache-miss
298 http fetch GET 200 https://registry.npmjs.org/jsesc 177ms (cache miss)
299 silly packumentCache full:https://registry.npmjs.org/jsesc set size:undefined disposed:false
300 http fetch GET 200 https://registry.npmjs.org/@babel%2fhelper-validator-option 177ms (cache miss)
301 silly packumentCache full:https://registry.npmjs.org/@babel%2fhelper-validator-option set size:undefined disposed:false
302 http cache https://registry.npmjs.org/@jridgewell%2ftrace-mapping 30ms (cache hit)
303 silly packumentCache full:https://registry.npmjs.org/@jridgewell%2ftrace-mapping set size:170909 disposed:false
304 http fetch GET 200 https://registry.npmjs.org/@babel%2fhelper-validator-identifier 106ms (cache miss)
305 silly packumentCache full:https://registry.npmjs.org/@babel%2fhelper-validator-identifier set size:undefined disposed:false
306 http fetch GET 200 https://registry.npmjs.org/@jridgewell%2fgen-mapping 194ms (cache miss)
307 silly packumentCache full:https://registry.npmjs.org/@jridgewell%2fgen-mapping set size:undefined disposed:false
308 http fetch GET 200 https://registry.npmjs.org/browserslist 196ms (cache miss)
309 silly packumentCache full:https://registry.npmjs.org/browserslist set size:undefined disposed:false
310 http fetch GET 200 https://registry.npmjs.org/@babel%2fhelper-module-imports 182ms (cache miss)
311 silly packumentCache full:https://registry.npmjs.org/@babel%2fhelper-module-imports set size:undefined disposed:false
312 http fetch GET 200 https://registry.npmjs.org/@babel%2fhelper-globals 174ms (cache miss)
313 silly packumentCache full:https://registry.npmjs.org/@babel%2fhelper-globals set size:undefined disposed:false
314 http fetch GET 200 https://registry.npmjs.org/@jridgewell%2fgen-mapping 160ms (cache miss)
315 silly packumentCache full:https://registry.npmjs.org/@jridgewell%2fgen-mapping set size:undefined disposed:false
316 http fetch GET 200 https://registry.npmjs.org/@babel%2fhelper-string-parser 171ms (cache miss)
317 silly packumentCache full:https://registry.npmjs.org/@babel%2fhelper-string-parser set size:undefined disposed:false
318 http fetch GET 200 https://registry.npmjs.org/ms 148ms (cache miss)
319 silly packumentCache full:https://registry.npmjs.org/ms set size:undefined disposed:false
320 silly placeDep ROOT @babel/helper-validator-identifier@7.28.5 OK for: @babel/code-frame@7.29.0 want: ^7.28.5
321 silly placeDep ROOT js-tokens@4.0.0 OK for: @babel/code-frame@7.29.0 want: ^4.0.0
322 silly placeDep ROOT picocolors@1.1.1 OK for: @babel/code-frame@7.29.0 want: ^1.1.1
323 silly placeDep ROOT @jridgewell/gen-mapping@0.3.13 OK for: @babel/generator@7.29.1 want: ^0.3.12
324 silly placeDep ROOT @jridgewell/trace-mapping@0.3.31 OK for: @babel/generator@7.29.1 want: ^0.3.28
325 silly placeDep ROOT jsesc@3.1.0 OK for: @babel/generator@7.29.1 want: ^3.0.2
326 silly fetch manifest @jridgewell/sourcemap-codec@^1.5.0
327 silly packumentCache full:https://registry.npmjs.org/@jridgewell%2fsourcemap-codec cache-miss
328 silly fetch manifest @jridgewell/resolve-uri@^3.1.0
329 silly packumentCache full:https://registry.npmjs.org/@jridgewell%2fresolve-uri cache-miss
330 silly fetch manifest @jridgewell/sourcemap-codec@^1.4.14
331 silly packumentCache full:https://registry.npmjs.org/@jridgewell%2fsourcemap-codec cache-miss
332 http fetch GET 200 https://registry.npmjs.org/@jridgewell%2fsourcemap-codec 129ms (cache miss)
333 silly packumentCache full:https://registry.npmjs.org/@jridgewell%2fsourcemap-codec set size:undefined disposed:false
334 http fetch GET 200 https://registry.npmjs.org/@jridgewell%2fsourcemap-codec 137ms (cache miss)
335 silly packumentCache full:https://registry.npmjs.org/@jridgewell%2fsourcemap-codec set size:undefined disposed:false
336 http fetch GET 200 https://registry.npmjs.org/@jridgewell%2fresolve-uri 140ms (cache miss)
337 silly packumentCache full:https://registry.npmjs.org/@jridgewell%2fresolve-uri set size:undefined disposed:false
338 silly placeDep ROOT @babel/compat-data@7.29.0 OK for: @babel/helper-compilation-targets@7.28.6 want: ^7.28.6
339 silly placeDep ROOT @babel/helper-validator-option@7.27.1 OK for: @babel/helper-compilation-targets@7.28.6 want: ^7.27.1
340 silly placeDep ROOT browserslist@4.28.1 OK for: @babel/helper-compilation-targets@7.28.6 want: ^4.24.0
341 silly placeDep ROOT lru-cache@5.1.1 OK for: @babel/helper-compilation-targets@7.28.6 want: ^5.1.1
342 silly fetch manifest baseline-browser-mapping@^2.9.0
343 silly packumentCache full:https://registry.npmjs.org/baseline-browser-mapping cache-miss
344 silly fetch manifest caniuse-lite@^1.0.30001759
345 silly packumentCache full:https://registry.npmjs.org/caniuse-lite cache-miss
346 silly fetch manifest electron-to-chromium@^1.5.263
347 silly packumentCache full:https://registry.npmjs.org/electron-to-chromium cache-miss
348 silly fetch manifest node-releases@^2.0.27
349 silly packumentCache full:https://registry.npmjs.org/node-releases cache-miss
350 silly fetch manifest update-browserslist-db@^1.2.0
351 silly packumentCache full:https://registry.npmjs.org/update-browserslist-db cache-miss
352 silly fetch manifest yallist@^3.0.2
353 silly packumentCache full:https://registry.npmjs.org/yallist cache-miss
354 http fetch GET 200 https://registry.npmjs.org/update-browserslist-db 74ms (cache miss)
355 silly packumentCache full:https://registry.npmjs.org/update-browserslist-db set size:undefined disposed:false
356 http fetch GET 200 https://registry.npmjs.org/yallist 76ms (cache miss)
357 silly packumentCache full:https://registry.npmjs.org/yallist set size:undefined disposed:false
358 http fetch GET 200 https://registry.npmjs.org/node-releases 81ms (cache miss)
359 silly packumentCache full:https://registry.npmjs.org/node-releases set size:undefined disposed:false
360 http fetch GET 200 https://registry.npmjs.org/baseline-browser-mapping 133ms (cache miss)
361 silly packumentCache full:https://registry.npmjs.org/baseline-browser-mapping set size:undefined disposed:false
362 http fetch GET 200 https://registry.npmjs.org/caniuse-lite 320ms (cache miss)
363 silly packumentCache full:https://registry.npmjs.org/caniuse-lite set size:undefined disposed:false
364 http fetch GET 200 https://registry.npmjs.org/electron-to-chromium 353ms (cache miss)
365 silly packumentCache full:https://registry.npmjs.org/electron-to-chromium set size:undefined disposed:false
366 silly placeDep ROOT @babel/helper-module-imports@7.28.6 OK for: @babel/helper-module-transforms@7.28.6 want: ^7.28.6
367 silly placeDep ROOT @babel/helper-plugin-utils@7.28.6 OK for: @babel/plugin-transform-react-jsx-self@7.27.1 want: ^7.27.1
368 silly placeDep ROOT @babel/helper-globals@7.28.0 OK for: @babel/traverse@7.29.0 want: ^7.28.0
369 silly placeDep ROOT @babel/helper-string-parser@7.27.1 OK for: @babel/types@7.29.0 want: ^7.27.1
370 silly placeDep ROOT @jridgewell/sourcemap-codec@1.5.5 OK for: @jridgewell/gen-mapping@0.3.13 want: ^1.5.0
371 silly placeDep ROOT @jridgewell/resolve-uri@3.1.2 OK for: @jridgewell/trace-mapping@0.3.31 want: ^3.1.0
372 silly placeDep ROOT @types/babel__generator@7.27.0 OK for: @types/babel__core@7.20.5 want: *
373 silly placeDep ROOT @types/babel__template@7.4.4 OK for: @types/babel__core@7.20.5 want: *
374 silly placeDep ROOT @types/babel__traverse@7.28.0 OK for: @types/babel__core@7.20.5 want: *
375 silly fetch manifest browserslist@>= 4.21.0
376 silly packumentCache full:https://registry.npmjs.org/browserslist cache-miss
377 http cache https://registry.npmjs.org/browserslist 8ms (cache hit)
378 silly packumentCache full:https://registry.npmjs.org/browserslist set size:502989 disposed:false
379 silly placeDep ROOT baseline-browser-mapping@2.10.8 OK for: browserslist@4.28.1 want: ^2.9.0
380 silly placeDep ROOT caniuse-lite@1.0.30001779 OK for: browserslist@4.28.1 want: ^1.0.30001759
381 silly placeDep ROOT electron-to-chromium@1.5.313 OK for: browserslist@4.28.1 want: ^1.5.263
382 silly placeDep ROOT node-releases@2.0.36 OK for: browserslist@4.28.1 want: ^2.0.27
383 silly placeDep ROOT update-browserslist-db@1.2.3 OK for: browserslist@4.28.1 want: ^1.2.0
384 silly fetch manifest escalade@^3.2.0
385 silly packumentCache full:https://registry.npmjs.org/escalade cache-miss
386 http fetch GET 200 https://registry.npmjs.org/escalade 74ms (cache miss)
387 silly packumentCache full:https://registry.npmjs.org/escalade set size:undefined disposed:false
388 silly placeDep ROOT ms@2.1.3 OK for: debug@4.4.3 want: ^2.1.3
389 silly placeDep ROOT yallist@3.1.1 OK for: lru-cache@5.1.1 want: ^3.0.2
390 silly placeDep ROOT loose-envify@1.4.0 OK for: react@18.3.1 want: ^1.1.0
391 silly placeDep ROOT scheduler@0.23.2 OK for: react-dom@18.3.1 want: ^0.23.2
392 silly placeDep ROOT escalade@3.2.0 OK for: update-browserslist-db@1.2.3 want: ^3.2.0
393 silly placeDep ROOT esbuild@0.21.5 OK for: vite@5.4.21 want: ^0.21.3
394 silly placeDep ROOT fsevents@2.3.3 OK for: vite@5.4.21 want: ~2.3.3
395 silly placeDep ROOT postcss@8.5.8 OK for: vite@5.4.21 want: ^8.4.43
396 silly placeDep ROOT rollup@4.59.0 OK for: vite@5.4.21 want: ^4.20.0
397 silly fetch manifest @esbuild/aix-ppc64@0.21.5
398 silly packumentCache full:https://registry.npmjs.org/@esbuild%2faix-ppc64 cache-miss
399 silly fetch manifest @esbuild/linux-arm@0.21.5
400 silly packumentCache full:https://registry.npmjs.org/@esbuild%2flinux-arm cache-miss
401 silly fetch manifest @esbuild/linux-x64@0.21.5
402 silly packumentCache full:https://registry.npmjs.org/@esbuild%2flinux-x64 cache-miss
403 silly fetch manifest @esbuild/sunos-x64@0.21.5
404 silly packumentCache full:https://registry.npmjs.org/@esbuild%2fsunos-x64 cache-miss
405 silly fetch manifest @esbuild/win32-x64@0.21.5
406 silly packumentCache full:https://registry.npmjs.org/@esbuild%2fwin32-x64 cache-miss
407 silly fetch manifest @esbuild/darwin-x64@0.21.5
408 silly packumentCache full:https://registry.npmjs.org/@esbuild%2fdarwin-x64 cache-miss
409 silly fetch manifest @esbuild/linux-ia32@0.21.5
410 silly packumentCache full:https://registry.npmjs.org/@esbuild%2flinux-ia32 cache-miss
411 silly fetch manifest @esbuild/netbsd-x64@0.21.5
412 silly packumentCache full:https://registry.npmjs.org/@esbuild%2fnetbsd-x64 cache-miss
413 silly fetch manifest @esbuild/win32-ia32@0.21.5
414 silly packumentCache full:https://registry.npmjs.org/@esbuild%2fwin32-ia32 cache-miss
415 silly fetch manifest @esbuild/android-arm@0.21.5
416 silly packumentCache full:https://registry.npmjs.org/@esbuild%2fandroid-arm cache-miss
417 silly fetch manifest @esbuild/android-x64@0.21.5
418 silly packumentCache full:https://registry.npmjs.org/@esbuild%2fandroid-x64 cache-miss
419 http fetch GET 200 https://registry.npmjs.org/@esbuild%2flinux-ia32 101ms (cache miss)
420 silly packumentCache full:https://registry.npmjs.org/@esbuild%2flinux-ia32 set size:undefined disposed:false
421 silly fetch manifest @esbuild/freebsd-x64@0.21.5
422 silly packumentCache full:https://registry.npmjs.org/@esbuild%2ffreebsd-x64 cache-miss
423 http fetch GET 200 https://registry.npmjs.org/@esbuild%2fwin32-x64 105ms (cache miss)
424 silly packumentCache full:https://registry.npmjs.org/@esbuild%2fwin32-x64 set size:undefined disposed:false
425 silly fetch manifest @esbuild/linux-arm64@0.21.5
426 silly packumentCache full:https://registry.npmjs.org/@esbuild%2flinux-arm64 cache-miss
427 http fetch GET 200 https://registry.npmjs.org/@esbuild%2fdarwin-x64 109ms (cache miss)
428 silly packumentCache full:https://registry.npmjs.org/@esbuild%2fdarwin-x64 set size:undefined disposed:false
429 silly fetch manifest @esbuild/linux-ppc64@0.21.5
430 silly packumentCache full:https://registry.npmjs.org/@esbuild%2flinux-ppc64 cache-miss
431 http fetch GET 200 https://registry.npmjs.org/@esbuild%2fandroid-x64 109ms (cache miss)
432 silly packumentCache full:https://registry.npmjs.org/@esbuild%2fandroid-x64 set size:undefined disposed:false
433 silly fetch manifest @esbuild/linux-s390x@0.21.5
434 silly packumentCache full:https://registry.npmjs.org/@esbuild%2flinux-s390x cache-miss
435 http fetch GET 200 https://registry.npmjs.org/@esbuild%2faix-ppc64 121ms (cache miss)
436 silly packumentCache full:https://registry.npmjs.org/@esbuild%2faix-ppc64 set size:undefined disposed:false
437 silly fetch manifest @esbuild/openbsd-x64@0.21.5
438 silly packumentCache full:https://registry.npmjs.org/@esbuild%2fopenbsd-x64 cache-miss
439 http fetch GET 200 https://registry.npmjs.org/@esbuild%2flinux-arm 155ms (cache miss)
440 silly packumentCache full:https://registry.npmjs.org/@esbuild%2flinux-arm set size:undefined disposed:false
441 silly fetch manifest @esbuild/win32-arm64@0.21.5
442 silly packumentCache full:https://registry.npmjs.org/@esbuild%2fwin32-arm64 cache-miss
443 http fetch GET 200 https://registry.npmjs.org/@esbuild%2fnetbsd-x64 156ms (cache miss)
444 silly packumentCache full:https://registry.npmjs.org/@esbuild%2fnetbsd-x64 set size:undefined disposed:false
445 silly fetch manifest @esbuild/darwin-arm64@0.21.5
446 silly packumentCache full:https://registry.npmjs.org/@esbuild%2fdarwin-arm64 cache-miss
447 http fetch GET 200 https://registry.npmjs.org/@esbuild%2fwin32-ia32 159ms (cache miss)
448 silly packumentCache full:https://registry.npmjs.org/@esbuild%2fwin32-ia32 set size:undefined disposed:false
449 silly fetch manifest @esbuild/android-arm64@0.21.5
450 silly packumentCache full:https://registry.npmjs.org/@esbuild%2fandroid-arm64 cache-miss
451 http fetch GET 200 https://registry.npmjs.org/@esbuild%2flinux-x64 165ms (cache miss)
452 silly packumentCache full:https://registry.npmjs.org/@esbuild%2flinux-x64 set size:undefined disposed:false
453 silly fetch manifest @esbuild/freebsd-arm64@0.21.5
454 silly packumentCache full:https://registry.npmjs.org/@esbuild%2ffreebsd-arm64 cache-miss
455 http fetch GET 200 https://registry.npmjs.org/@esbuild%2fandroid-arm 166ms (cache miss)
456 silly packumentCache full:https://registry.npmjs.org/@esbuild%2fandroid-arm set size:undefined disposed:false
457 silly fetch manifest @esbuild/linux-loong64@0.21.5
458 silly packumentCache full:https://registry.npmjs.org/@esbuild%2flinux-loong64 cache-miss
459 http fetch GET 200 https://registry.npmjs.org/@esbuild%2fsunos-x64 173ms (cache miss)
460 silly packumentCache full:https://registry.npmjs.org/@esbuild%2fsunos-x64 set size:undefined disposed:false
461 silly fetch manifest @esbuild/linux-riscv64@0.21.5
462 silly packumentCache full:https://registry.npmjs.org/@esbuild%2flinux-riscv64 cache-miss
463 http fetch GET 200 https://registry.npmjs.org/@esbuild%2ffreebsd-x64 83ms (cache miss)
464 silly packumentCache full:https://registry.npmjs.org/@esbuild%2ffreebsd-x64 set size:undefined disposed:false
465 silly fetch manifest @esbuild/linux-mips64el@0.21.5
466 silly packumentCache full:https://registry.npmjs.org/@esbuild%2flinux-mips64el cache-miss
467 http fetch GET 200 https://registry.npmjs.org/@esbuild%2flinux-arm64 91ms (cache miss)
468 silly packumentCache full:https://registry.npmjs.org/@esbuild%2flinux-arm64 set size:undefined disposed:false
469 silly fetch manifest nanoid@^3.3.11
470 silly packumentCache full:https://registry.npmjs.org/nanoid cache-miss
471 http fetch GET 200 https://registry.npmjs.org/@esbuild%2flinux-s390x 92ms (cache miss)
472 silly packumentCache full:https://registry.npmjs.org/@esbuild%2flinux-s390x set size:undefined disposed:false
473 silly fetch manifest source-map-js@^1.2.1
474 silly packumentCache full:https://registry.npmjs.org/source-map-js cache-miss
475 http fetch GET 200 https://registry.npmjs.org/@esbuild%2fopenbsd-x64 96ms (cache miss)
476 silly packumentCache full:https://registry.npmjs.org/@esbuild%2fopenbsd-x64 set size:undefined disposed:false
477 silly fetch manifest @types/estree@1.0.8
478 silly packumentCache full:https://registry.npmjs.org/@types%2festree cache-miss
479 http fetch GET 200 https://registry.npmjs.org/@esbuild%2flinux-ppc64 124ms (cache miss)
480 silly packumentCache full:https://registry.npmjs.org/@esbuild%2flinux-ppc64 set size:undefined disposed:false
481 silly fetch manifest @rollup/rollup-darwin-arm64@4.59.0
482 silly packumentCache full:https://registry.npmjs.org/@rollup%2frollup-darwin-arm64 cache-miss
483 http fetch GET 200 https://registry.npmjs.org/source-map-js 81ms (cache miss)
484 silly packumentCache full:https://registry.npmjs.org/source-map-js set size:undefined disposed:false
485 silly fetch manifest @rollup/rollup-android-arm64@4.59.0
486 silly packumentCache full:https://registry.npmjs.org/@rollup%2frollup-android-arm64 cache-miss
487 http fetch GET 200 https://registry.npmjs.org/@esbuild%2flinux-mips64el 106ms (cache miss)
488 silly packumentCache full:https://registry.npmjs.org/@esbuild%2flinux-mips64el set size:undefined disposed:false
489 silly fetch manifest @rollup/rollup-win32-arm64-msvc@4.59.0
490 silly packumentCache full:https://registry.npmjs.org/@rollup%2frollup-win32-arm64-msvc cache-miss
491 http fetch GET 200 https://registry.npmjs.org/nanoid 104ms (cache miss)
492 silly packumentCache full:https://registry.npmjs.org/nanoid set size:undefined disposed:false
493 silly fetch manifest @rollup/rollup-freebsd-arm64@4.59.0
494 silly packumentCache full:https://registry.npmjs.org/@rollup%2frollup-freebsd-arm64 cache-miss
495 http fetch GET 200 https://registry.npmjs.org/@esbuild%2fwin32-arm64 175ms (cache miss)
496 silly packumentCache full:https://registry.npmjs.org/@esbuild%2fwin32-arm64 set size:undefined disposed:false
497 silly fetch manifest @rollup/rollup-linux-arm64-gnu@4.59.0
498 silly packumentCache full:https://registry.npmjs.org/@rollup%2frollup-linux-arm64-gnu cache-miss
499 http fetch GET 200 https://registry.npmjs.org/@esbuild%2fandroid-arm64 175ms (cache miss)
500 silly packumentCache full:https://registry.npmjs.org/@esbuild%2fandroid-arm64 set size:undefined disposed:false
501 silly fetch manifest @rollup/rollup-linux-arm64-musl@4.59.0
502 silly packumentCache full:https://registry.npmjs.org/@rollup%2frollup-linux-arm64-musl cache-miss
503 http fetch GET 200 https://registry.npmjs.org/@esbuild%2ffreebsd-arm64 179ms (cache miss)
504 silly packumentCache full:https://registry.npmjs.org/@esbuild%2ffreebsd-arm64 set size:undefined disposed:false
505 silly fetch manifest @rollup/rollup-android-arm-eabi@4.59.0
506 silly packumentCache full:https://registry.npmjs.org/@rollup%2frollup-android-arm-eabi cache-miss
507 http fetch GET 200 https://registry.npmjs.org/@types%2festree 129ms (cache miss)
508 silly packumentCache full:https://registry.npmjs.org/@types%2festree set size:undefined disposed:false
509 silly fetch manifest @rollup/rollup-linux-arm-gnueabihf@4.59.0
510 silly packumentCache full:https://registry.npmjs.org/@rollup%2frollup-linux-arm-gnueabihf cache-miss
511 http fetch GET 200 https://registry.npmjs.org/@esbuild%2fdarwin-arm64 195ms (cache miss)
512 silly packumentCache full:https://registry.npmjs.org/@esbuild%2fdarwin-arm64 set size:undefined disposed:false
513 silly fetch manifest @rollup/rollup-linux-arm-musleabihf@4.59.0
514 silly packumentCache full:https://registry.npmjs.org/@rollup%2frollup-linux-arm-musleabihf cache-miss
515 http fetch GET 200 https://registry.npmjs.org/@esbuild%2flinux-loong64 189ms (cache miss)
516 silly packumentCache full:https://registry.npmjs.org/@esbuild%2flinux-loong64 set size:undefined disposed:false
517 silly fetch manifest @rollup/rollup-win32-ia32-msvc@4.59.0
518 silly packumentCache full:https://registry.npmjs.org/@rollup%2frollup-win32-ia32-msvc cache-miss
519 http fetch GET 200 https://registry.npmjs.org/@esbuild%2flinux-riscv64 189ms (cache miss)
520 silly packumentCache full:https://registry.npmjs.org/@esbuild%2flinux-riscv64 set size:undefined disposed:false
521 silly fetch manifest @rollup/rollup-linux-loong64-gnu@4.59.0
522 silly packumentCache full:https://registry.npmjs.org/@rollup%2frollup-linux-loong64-gnu cache-miss
523 http fetch GET 200 https://registry.npmjs.org/@rollup%2frollup-darwin-arm64 132ms (cache miss)
524 silly packumentCache full:https://registry.npmjs.org/@rollup%2frollup-darwin-arm64 set size:undefined disposed:false
525 silly fetch manifest @rollup/rollup-linux-loong64-musl@4.59.0
526 silly packumentCache full:https://registry.npmjs.org/@rollup%2frollup-linux-loong64-musl cache-miss
527 http fetch GET 200 https://registry.npmjs.org/@rollup%2frollup-android-arm64 93ms (cache miss)
528 silly packumentCache full:https://registry.npmjs.org/@rollup%2frollup-android-arm64 set size:undefined disposed:false
529 silly fetch manifest @rollup/rollup-linux-riscv64-gnu@4.59.0
530 silly packumentCache full:https://registry.npmjs.org/@rollup%2frollup-linux-riscv64-gnu cache-miss
531 http fetch GET 200 https://registry.npmjs.org/@rollup%2frollup-win32-arm64-msvc 97ms (cache miss)
532 silly packumentCache full:https://registry.npmjs.org/@rollup%2frollup-win32-arm64-msvc set size:undefined disposed:false
533 silly fetch manifest @rollup/rollup-linux-riscv64-musl@4.59.0
534 silly packumentCache full:https://registry.npmjs.org/@rollup%2frollup-linux-riscv64-musl cache-miss
535 http fetch GET 200 https://registry.npmjs.org/@rollup%2frollup-freebsd-arm64 96ms (cache miss)
536 silly packumentCache full:https://registry.npmjs.org/@rollup%2frollup-freebsd-arm64 set size:undefined disposed:false
537 silly fetch manifest @rollup/rollup-linux-ppc64-gnu@4.59.0
538 silly packumentCache full:https://registry.npmjs.org/@rollup%2frollup-linux-ppc64-gnu cache-miss
539 http fetch GET 200 https://registry.npmjs.org/@rollup%2frollup-android-arm-eabi 99ms (cache miss)
540 silly packumentCache full:https://registry.npmjs.org/@rollup%2frollup-android-arm-eabi set size:undefined disposed:false
541 silly fetch manifest @rollup/rollup-linux-ppc64-musl@4.59.0
542 silly packumentCache full:https://registry.npmjs.org/@rollup%2frollup-linux-ppc64-musl cache-miss
543 http fetch GET 200 https://registry.npmjs.org/@rollup%2frollup-win32-ia32-msvc 99ms (cache miss)
544 silly packumentCache full:https://registry.npmjs.org/@rollup%2frollup-win32-ia32-msvc set size:undefined disposed:false
545 silly fetch manifest @rollup/rollup-linux-s390x-gnu@4.59.0
546 silly packumentCache full:https://registry.npmjs.org/@rollup%2frollup-linux-s390x-gnu cache-miss
547 http fetch GET 200 https://registry.npmjs.org/@rollup%2frollup-linux-riscv64-musl 84ms (cache miss)
548 silly packumentCache full:https://registry.npmjs.org/@rollup%2frollup-linux-riscv64-musl set size:undefined disposed:false
549 silly fetch manifest @rollup/rollup-darwin-x64@4.59.0
550 silly packumentCache full:https://registry.npmjs.org/@rollup%2frollup-darwin-x64 cache-miss
551 http fetch GET 200 https://registry.npmjs.org/@rollup%2frollup-linux-arm64-musl 146ms (cache miss)
552 silly packumentCache full:https://registry.npmjs.org/@rollup%2frollup-linux-arm64-musl set size:undefined disposed:false
553 silly fetch manifest @rollup/rollup-win32-x64-gnu@4.59.0
554 silly packumentCache full:https://registry.npmjs.org/@rollup%2frollup-win32-x64-gnu cache-miss
555 http fetch GET 200 https://registry.npmjs.org/@rollup%2frollup-linux-riscv64-gnu 108ms (cache miss)
556 silly packumentCache full:https://registry.npmjs.org/@rollup%2frollup-linux-riscv64-gnu set size:undefined disposed:false
557 silly fetch manifest @rollup/rollup-win32-x64-msvc@4.59.0
558 silly packumentCache full:https://registry.npmjs.org/@rollup%2frollup-win32-x64-msvc cache-miss
559 http fetch GET 200 https://registry.npmjs.org/@rollup%2frollup-linux-arm64-gnu 164ms (cache miss)
560 silly packumentCache full:https://registry.npmjs.org/@rollup%2frollup-linux-arm64-gnu set size:undefined disposed:false
561 silly fetch manifest @rollup/rollup-freebsd-x64@4.59.0
562 silly packumentCache full:https://registry.npmjs.org/@rollup%2frollup-freebsd-x64 cache-miss
563 http fetch GET 200 https://registry.npmjs.org/@rollup%2frollup-linux-ppc64-gnu 94ms (cache miss)
564 silly packumentCache full:https://registry.npmjs.org/@rollup%2frollup-linux-ppc64-gnu set size:undefined disposed:false
565 silly fetch manifest @rollup/rollup-linux-x64-gnu@4.59.0
566 silly packumentCache full:https://registry.npmjs.org/@rollup%2frollup-linux-x64-gnu cache-miss
567 http fetch GET 200 https://registry.npmjs.org/@rollup%2frollup-linux-loong64-gnu 145ms (cache miss)
568 silly packumentCache full:https://registry.npmjs.org/@rollup%2frollup-linux-loong64-gnu set size:undefined disposed:false
569 silly fetch manifest @rollup/rollup-linux-x64-musl@4.59.0
570 silly packumentCache full:https://registry.npmjs.org/@rollup%2frollup-linux-x64-musl cache-miss
571 http fetch GET 200 https://registry.npmjs.org/@rollup%2frollup-linux-arm-musleabihf 160ms (cache miss)
572 silly packumentCache full:https://registry.npmjs.org/@rollup%2frollup-linux-arm-musleabihf set size:undefined disposed:false
573 silly fetch manifest @rollup/rollup-openbsd-x64@4.59.0
574 silly packumentCache full:https://registry.npmjs.org/@rollup%2frollup-openbsd-x64 cache-miss
575 http fetch GET 200 https://registry.npmjs.org/@rollup%2frollup-linux-ppc64-musl 91ms (cache miss)
576 silly packumentCache full:https://registry.npmjs.org/@rollup%2frollup-linux-ppc64-musl set size:undefined disposed:false
577 silly fetch manifest @rollup/rollup-openharmony-arm64@4.59.0
578 silly packumentCache full:https://registry.npmjs.org/@rollup%2frollup-openharmony-arm64 cache-miss
579 http fetch GET 200 https://registry.npmjs.org/@rollup%2frollup-linux-s390x-gnu 92ms (cache miss)
580 silly packumentCache full:https://registry.npmjs.org/@rollup%2frollup-linux-s390x-gnu set size:undefined disposed:false
581 http fetch GET 200 https://registry.npmjs.org/@rollup%2frollup-linux-loong64-musl 194ms (cache miss)
582 silly packumentCache full:https://registry.npmjs.org/@rollup%2frollup-linux-loong64-musl set size:undefined disposed:false
583 http fetch GET 200 https://registry.npmjs.org/@rollup%2frollup-freebsd-x64 86ms (cache miss)
584 silly packumentCache full:https://registry.npmjs.org/@rollup%2frollup-freebsd-x64 set size:undefined disposed:false
585 http fetch GET 200 https://registry.npmjs.org/@rollup%2frollup-win32-x64-msvc 95ms (cache miss)
586 silly packumentCache full:https://registry.npmjs.org/@rollup%2frollup-win32-x64-msvc set size:undefined disposed:false
587 http fetch GET 200 https://registry.npmjs.org/@rollup%2frollup-linux-x64-gnu 94ms (cache miss)
588 silly packumentCache full:https://registry.npmjs.org/@rollup%2frollup-linux-x64-gnu set size:undefined disposed:false
589 http fetch GET 200 https://registry.npmjs.org/@rollup%2frollup-win32-x64-gnu 125ms (cache miss)
590 silly packumentCache full:https://registry.npmjs.org/@rollup%2frollup-win32-x64-gnu set size:undefined disposed:false
591 http fetch GET 200 https://registry.npmjs.org/@rollup%2frollup-darwin-x64 133ms (cache miss)
592 silly packumentCache full:https://registry.npmjs.org/@rollup%2frollup-darwin-x64 set size:undefined disposed:false
593 http fetch GET 200 https://registry.npmjs.org/@rollup%2frollup-linux-x64-musl 142ms (cache miss)
594 silly packumentCache full:https://registry.npmjs.org/@rollup%2frollup-linux-x64-musl set size:undefined disposed:false
595 http fetch GET 200 https://registry.npmjs.org/@rollup%2frollup-openbsd-x64 142ms (cache miss)
596 silly packumentCache full:https://registry.npmjs.org/@rollup%2frollup-openbsd-x64 set size:undefined disposed:false
597 http fetch GET 200 https://registry.npmjs.org/@rollup%2frollup-linux-arm-gnueabihf 368ms (cache miss)
598 silly packumentCache full:https://registry.npmjs.org/@rollup%2frollup-linux-arm-gnueabihf set size:undefined disposed:false
599 http fetch GET 200 https://registry.npmjs.org/@rollup%2frollup-openharmony-arm64 185ms (cache miss)
600 silly packumentCache full:https://registry.npmjs.org/@rollup%2frollup-openharmony-arm64 set size:undefined disposed:false
601 silly placeDep ROOT @esbuild/aix-ppc64@0.21.5 OK for: esbuild@0.21.5 want: 0.21.5
602 silly placeDep ROOT @esbuild/android-arm@0.21.5 OK for: esbuild@0.21.5 want: 0.21.5
603 silly placeDep ROOT @esbuild/android-arm64@0.21.5 OK for: esbuild@0.21.5 want: 0.21.5
604 silly placeDep ROOT @esbuild/android-x64@0.21.5 OK for: esbuild@0.21.5 want: 0.21.5
605 silly placeDep ROOT @esbuild/darwin-arm64@0.21.5 OK for: esbuild@0.21.5 want: 0.21.5
606 silly placeDep ROOT @esbuild/darwin-x64@0.21.5 OK for: esbuild@0.21.5 want: 0.21.5
607 silly placeDep ROOT @esbuild/freebsd-arm64@0.21.5 OK for: esbuild@0.21.5 want: 0.21.5
608 silly placeDep ROOT @esbuild/freebsd-x64@0.21.5 OK for: esbuild@0.21.5 want: 0.21.5
609 silly placeDep ROOT @esbuild/linux-arm@0.21.5 OK for: esbuild@0.21.5 want: 0.21.5
610 silly placeDep ROOT @esbuild/linux-arm64@0.21.5 OK for: esbuild@0.21.5 want: 0.21.5
611 silly placeDep ROOT @esbuild/linux-ia32@0.21.5 OK for: esbuild@0.21.5 want: 0.21.5
612 silly placeDep ROOT @esbuild/linux-loong64@0.21.5 OK for: esbuild@0.21.5 want: 0.21.5
613 silly placeDep ROOT @esbuild/linux-mips64el@0.21.5 OK for: esbuild@0.21.5 want: 0.21.5
614 silly placeDep ROOT @esbuild/linux-ppc64@0.21.5 OK for: esbuild@0.21.5 want: 0.21.5
615 silly placeDep ROOT @esbuild/linux-riscv64@0.21.5 OK for: esbuild@0.21.5 want: 0.21.5
616 silly placeDep ROOT @esbuild/linux-s390x@0.21.5 OK for: esbuild@0.21.5 want: 0.21.5
617 silly placeDep ROOT @esbuild/linux-x64@0.21.5 OK for: esbuild@0.21.5 want: 0.21.5
618 silly placeDep ROOT @esbuild/netbsd-x64@0.21.5 OK for: esbuild@0.21.5 want: 0.21.5
619 silly placeDep ROOT @esbuild/openbsd-x64@0.21.5 OK for: esbuild@0.21.5 want: 0.21.5
620 silly placeDep ROOT @esbuild/sunos-x64@0.21.5 OK for: esbuild@0.21.5 want: 0.21.5
621 silly placeDep ROOT @esbuild/win32-arm64@0.21.5 OK for: esbuild@0.21.5 want: 0.21.5
622 silly placeDep ROOT @esbuild/win32-ia32@0.21.5 OK for: esbuild@0.21.5 want: 0.21.5
623 silly placeDep ROOT @esbuild/win32-x64@0.21.5 OK for: esbuild@0.21.5 want: 0.21.5
624 silly placeDep ROOT nanoid@3.3.11 OK for: postcss@8.5.8 want: ^3.3.11
625 silly placeDep ROOT source-map-js@1.2.1 OK for: postcss@8.5.8 want: ^1.2.1
626 silly placeDep ROOT @rollup/rollup-android-arm-eabi@4.59.0 OK for: rollup@4.59.0 want: 4.59.0
627 silly placeDep ROOT @rollup/rollup-android-arm64@4.59.0 OK for: rollup@4.59.0 want: 4.59.0
628 silly placeDep ROOT @rollup/rollup-darwin-arm64@4.59.0 OK for: rollup@4.59.0 want: 4.59.0
629 silly placeDep ROOT @rollup/rollup-darwin-x64@4.59.0 OK for: rollup@4.59.0 want: 4.59.0
630 silly placeDep ROOT @rollup/rollup-freebsd-arm64@4.59.0 OK for: rollup@4.59.0 want: 4.59.0
631 silly placeDep ROOT @rollup/rollup-freebsd-x64@4.59.0 OK for: rollup@4.59.0 want: 4.59.0
632 silly placeDep ROOT @rollup/rollup-linux-arm-gnueabihf@4.59.0 OK for: rollup@4.59.0 want: 4.59.0
633 silly placeDep ROOT @rollup/rollup-linux-arm-musleabihf@4.59.0 OK for: rollup@4.59.0 want: 4.59.0
634 silly placeDep ROOT @rollup/rollup-linux-arm64-gnu@4.59.0 OK for: rollup@4.59.0 want: 4.59.0
635 silly placeDep ROOT @rollup/rollup-linux-arm64-musl@4.59.0 OK for: rollup@4.59.0 want: 4.59.0
636 silly placeDep ROOT @rollup/rollup-linux-loong64-gnu@4.59.0 OK for: rollup@4.59.0 want: 4.59.0
637 silly placeDep ROOT @rollup/rollup-linux-loong64-musl@4.59.0 OK for: rollup@4.59.0 want: 4.59.0
638 silly placeDep ROOT @rollup/rollup-linux-ppc64-gnu@4.59.0 OK for: rollup@4.59.0 want: 4.59.0
639 silly placeDep ROOT @rollup/rollup-linux-ppc64-musl@4.59.0 OK for: rollup@4.59.0 want: 4.59.0
640 silly placeDep ROOT @rollup/rollup-linux-riscv64-gnu@4.59.0 OK for: rollup@4.59.0 want: 4.59.0
641 silly placeDep ROOT @rollup/rollup-linux-riscv64-musl@4.59.0 OK for: rollup@4.59.0 want: 4.59.0
642 silly placeDep ROOT @rollup/rollup-linux-s390x-gnu@4.59.0 OK for: rollup@4.59.0 want: 4.59.0
643 silly placeDep ROOT @rollup/rollup-linux-x64-gnu@4.59.0 OK for: rollup@4.59.0 want: 4.59.0
644 silly placeDep ROOT @rollup/rollup-linux-x64-musl@4.59.0 OK for: rollup@4.59.0 want: 4.59.0
645 silly placeDep ROOT @rollup/rollup-openbsd-x64@4.59.0 OK for: rollup@4.59.0 want: 4.59.0
646 silly placeDep ROOT @rollup/rollup-openharmony-arm64@4.59.0 OK for: rollup@4.59.0 want: 4.59.0
647 silly placeDep ROOT @rollup/rollup-win32-arm64-msvc@4.59.0 OK for: rollup@4.59.0 want: 4.59.0
648 silly placeDep ROOT @rollup/rollup-win32-ia32-msvc@4.59.0 OK for: rollup@4.59.0 want: 4.59.0
649 silly placeDep ROOT @rollup/rollup-win32-x64-gnu@4.59.0 OK for: rollup@4.59.0 want: 4.59.0
650 silly placeDep ROOT @rollup/rollup-win32-x64-msvc@4.59.0 OK for: rollup@4.59.0 want: 4.59.0
651 silly placeDep ROOT @types/estree@1.0.8 OK for: rollup@4.59.0 want: 1.0.8
652 silly reify moves {}
653 silly audit bulk request {
653 silly audit   '@vitejs/plugin-react': [ '4.7.0' ],
653 silly audit   vite: [ '5.4.21' ],
653 silly audit   react: [ '18.3.1' ],
653 silly audit   'react-dom': [ '18.3.1' ],
653 silly audit   '@babel/core': [ '7.29.0' ],
653 silly audit   '@babel/plugin-transform-react-jsx-self': [ '7.27.1' ],
653 silly audit   '@babel/plugin-transform-react-jsx-source': [ '7.27.1' ],
653 silly audit   '@rolldown/pluginutils': [ '1.0.0-beta.27' ],
653 silly audit   '@types/babel__core': [ '7.20.5' ],
653 silly audit   'react-refresh': [ '0.17.0' ],
653 silly audit   '@babel/code-frame': [ '7.29.0' ],
653 silly audit   '@babel/generator': [ '7.29.1' ],
653 silly audit   '@babel/helper-compilation-targets': [ '7.28.6' ],
653 silly audit   '@babel/helper-module-transforms': [ '7.28.6' ],
653 silly audit   '@babel/helpers': [ '7.28.6' ],
653 silly audit   '@babel/parser': [ '7.29.0' ],
653 silly audit   '@babel/template': [ '7.28.6' ],
653 silly audit   '@babel/traverse': [ '7.29.0' ],
653 silly audit   '@babel/types': [ '7.29.0' ],
653 silly audit   '@jridgewell/remapping': [ '2.3.5' ],
653 silly audit   'convert-source-map': [ '2.0.0' ],
653 silly audit   debug: [ '4.4.3' ],
653 silly audit   gensync: [ '1.0.0-beta.2' ],
653 silly audit   json5: [ '2.2.3' ],
653 silly audit   semver: [ '6.3.1' ],
653 silly audit   '@babel/helper-validator-identifier': [ '7.28.5' ],
653 silly audit   'js-tokens': [ '4.0.0' ],
653 silly audit   picocolors: [ '1.1.1' ],
653 silly audit   '@jridgewell/gen-mapping': [ '0.3.13' ],
653 silly audit   '@jridgewell/trace-mapping': [ '0.3.31' ],
653 silly audit   jsesc: [ '3.1.0' ],
653 silly audit   '@babel/compat-data': [ '7.29.0' ],
653 silly audit   '@babel/helper-validator-option': [ '7.27.1' ],
653 silly audit   browserslist: [ '4.28.1' ],
653 silly audit   'lru-cache': [ '5.1.1' ],
653 silly audit   '@babel/helper-module-imports': [ '7.28.6' ],
653 silly audit   '@babel/helper-plugin-utils': [ '7.28.6' ],
653 silly audit   '@babel/helper-globals': [ '7.28.0' ],
653 silly audit   '@babel/helper-string-parser': [ '7.27.1' ],
653 silly audit   '@jridgewell/sourcemap-codec': [ '1.5.5' ],
653 silly audit   '@jridgewell/resolve-uri': [ '3.1.2' ],
653 silly audit   '@types/babel__generator': [ '7.27.0' ],
653 silly audit   '@types/babel__template': [ '7.4.4' ],
653 silly audit   '@types/babel__traverse': [ '7.28.0' ],
653 silly audit   'baseline-browser-mapping': [ '2.10.8' ],
653 silly audit   'caniuse-lite': [ '1.0.30001779' ],
653 silly audit   'electron-to-chromium': [ '1.5.313' ],
653 silly audit   'node-releases': [ '2.0.36' ],
653 silly audit   'update-browserslist-db': [ '1.2.3' ],
653 silly audit   ms: [ '2.1.3' ],
653 silly audit   yallist: [ '3.1.1' ],
653 silly audit   'loose-envify': [ '1.4.0' ],
653 silly audit   scheduler: [ '0.23.2' ],
653 silly audit   escalade: [ '3.2.0' ],
653 silly audit   esbuild: [ '0.21.5' ],
653 silly audit   fsevents: [ '2.3.3' ],
653 silly audit   postcss: [ '8.5.8' ],
653 silly audit   rollup: [ '4.59.0' ],
653 silly audit   '@esbuild/aix-ppc64': [ '0.21.5' ],
653 silly audit   '@esbuild/android-arm': [ '0.21.5' ],
653 silly audit   '@esbuild/android-arm64': [ '0.21.5' ],
653 silly audit   '@esbuild/android-x64': [ '0.21.5' ],
653 silly audit   '@esbuild/darwin-arm64': [ '0.21.5' ],
653 silly audit   '@esbuild/darwin-x64': [ '0.21.5' ],
653 silly audit   '@esbuild/freebsd-arm64': [ '0.21.5' ],
653 silly audit   '@esbuild/freebsd-x64': [ '0.21.5' ],
653 silly audit   '@esbuild/linux-arm': [ '0.21.5' ],
653 silly audit   '@esbuild/linux-arm64': [ '0.21.5' ],
653 silly audit   '@esbuild/linux-ia32': [ '0.21.5' ],
653 silly audit   '@esbuild/linux-loong64': [ '0.21.5' ],
653 silly audit   '@esbuild/linux-mips64el': [ '0.21.5' ],
653 silly audit   '@esbuild/linux-ppc64': [ '0.21.5' ],
653 silly audit   '@esbuild/linux-riscv64': [ '0.21.5' ],
653 silly audit   '@esbuild/linux-s390x': [ '0.21.5' ],
653 silly audit   '@esbuild/linux-x64': [ '0.21.5' ],
653 silly audit   '@esbuild/netbsd-x64': [ '0.21.5' ],
653 silly audit   '@esbuild/openbsd-x64': [ '0.21.5' ],
653 silly audit   '@esbuild/sunos-x64': [ '0.21.5' ],
653 silly audit   '@esbuild/win32-arm64': [ '0.21.5' ],
653 silly audit   '@esbuild/win32-ia32': [ '0.21.5' ],
653 silly audit   '@esbuild/win32-x64': [ '0.21.5' ],
653 silly audit   nanoid: [ '3.3.11' ],
653 silly audit   'source-map-js': [ '1.2.1' ],
653 silly audit   '@rollup/rollup-android-arm-eabi': [ '4.59.0' ],
653 silly audit   '@rollup/rollup-android-arm64': [ '4.59.0' ],
653 silly audit   '@rollup/rollup-darwin-arm64': [ '4.59.0' ],
653 silly audit   '@rollup/rollup-darwin-x64': [ '4.59.0' ],
653 silly audit   '@rollup/rollup-freebsd-arm64': [ '4.59.0' ],
653 silly audit   '@rollup/rollup-freebsd-x64': [ '4.59.0' ],
653 silly audit   '@rollup/rollup-linux-arm-gnueabihf': [ '4.59.0' ],
653 silly audit   '@rollup/rollup-linux-arm-musleabihf': [ '4.59.0' ],
653 silly audit   '@rollup/rollup-linux-arm64-gnu': [ '4.59.0' ],
653 silly audit   '@rollup/rollup-linux-arm64-musl': [ '4.59.0' ],
653 silly audit   '@rollup/rollup-linux-loong64-gnu': [ '4.59.0' ],
653 silly audit   '@rollup/rollup-linux-loong64-musl': [ '4.59.0' ],
653 silly audit   '@rollup/rollup-linux-ppc64-gnu': [ '4.59.0' ],
653 silly audit   '@rollup/rollup-linux-ppc64-musl': [ '4.59.0' ],
653 silly audit   '@rollup/rollup-linux-riscv64-gnu': [ '4.59.0' ],
653 silly audit   '@rollup/rollup-linux-riscv64-musl': [ '4.59.0' ],
653 silly audit   '@rollup/rollup-linux-s390x-gnu': [ '4.59.0' ],
653 silly audit   '@rollup/rollup-linux-x64-gnu': [ '4.59.0' ],
653 silly audit   '@rollup/rollup-linux-x64-musl': [ '4.59.0' ],
653 silly audit   '@rollup/rollup-openbsd-x64': [ '4.59.0' ],
653 silly audit   '@rollup/rollup-openharmony-arm64': [ '4.59.0' ],
653 silly audit   '@rollup/rollup-win32-arm64-msvc': [ '4.59.0' ],
653 silly audit   '@rollup/rollup-win32-ia32-msvc': [ '4.59.0' ],
653 silly audit   '@rollup/rollup-win32-x64-gnu': [ '4.59.0' ],
653 silly audit   '@rollup/rollup-win32-x64-msvc': [ '4.59.0' ],
653 silly audit   '@types/estree': [ '1.0.8' ]
653 silly audit }
654 http cache @types/estree@https://registry.npmjs.org/@types/estree/-/estree-1.0.8.tgz 0ms (cache hit)
655 http cache source-map-js@https://registry.npmjs.org/source-map-js/-/source-map-js-1.2.1.tgz 1ms (cache hit)
656 http cache @rollup/rollup-win32-x64-gnu@https://registry.npmjs.org/@rollup/rollup-win32-x64-gnu/-/rollup-win32-x64-gnu-4.59.0.tgz 0ms (cache hit)
657 http cache @rollup/rollup-win32-x64-msvc@https://registry.npmjs.org/@rollup/rollup-win32-x64-msvc/-/rollup-win32-x64-msvc-4.59.0.tgz 0ms (cache hit)
658 http cache @esbuild/win32-x64@https://registry.npmjs.org/@esbuild/win32-x64/-/win32-x64-0.21.5.tgz 0ms (cache hit)
659 http cache rollup@https://registry.npmjs.org/rollup/-/rollup-4.59.0.tgz 0ms (cache hit)
660 http cache nanoid@https://registry.npmjs.org/nanoid/-/nanoid-3.3.11.tgz 0ms (cache hit)
661 http cache postcss@https://registry.npmjs.org/postcss/-/postcss-8.5.8.tgz 0ms (cache hit)
662 http cache esbuild@https://registry.npmjs.org/esbuild/-/esbuild-0.21.5.tgz 0ms (cache hit)
663 http cache escalade@https://registry.npmjs.org/escalade/-/escalade-3.2.0.tgz 0ms (cache hit)
664 http cache scheduler@https://registry.npmjs.org/scheduler/-/scheduler-0.23.2.tgz 0ms (cache hit)
665 http cache loose-envify@https://registry.npmjs.org/loose-envify/-/loose-envify-1.4.0.tgz 0ms (cache hit)
666 http cache yallist@https://registry.npmjs.org/yallist/-/yallist-3.1.1.tgz 0ms (cache hit)
667 http cache ms@https://registry.npmjs.org/ms/-/ms-2.1.3.tgz 0ms (cache hit)
668 http cache node-releases@https://registry.npmjs.org/node-releases/-/node-releases-2.0.36.tgz 0ms (cache hit)
669 http cache update-browserslist-db@https://registry.npmjs.org/update-browserslist-db/-/update-browserslist-db-1.2.3.tgz 0ms (cache hit)
670 http cache electron-to-chromium@https://registry.npmjs.org/electron-to-chromium/-/electron-to-chromium-1.5.313.tgz 0ms (cache hit)
671 http cache baseline-browser-mapping@https://registry.npmjs.org/baseline-browser-mapping/-/baseline-browser-mapping-2.10.8.tgz 0ms (cache hit)
672 http cache @types/babel__traverse@https://registry.npmjs.org/@types/babel__traverse/-/babel__traverse-7.28.0.tgz 0ms (cache hit)
673 http cache caniuse-lite@https://registry.npmjs.org/caniuse-lite/-/caniuse-lite-1.0.30001779.tgz 0ms (cache hit)
674 http cache @types/babel__template@https://registry.npmjs.org/@types/babel__template/-/babel__template-7.4.4.tgz 0ms (cache hit)
675 http cache @types/babel__generator@https://registry.npmjs.org/@types/babel__generator/-/babel__generator-7.27.0.tgz 0ms (cache hit)
676 http cache @jridgewell/sourcemap-codec@https://registry.npmjs.org/@jridgewell/sourcemap-codec/-/sourcemap-codec-1.5.5.tgz 0ms (cache hit)
677 http cache @babel/helper-string-parser@https://registry.npmjs.org/@babel/helper-string-parser/-/helper-string-parser-7.27.1.tgz 0ms (cache hit)
678 http cache @jridgewell/resolve-uri@https://registry.npmjs.org/@jridgewell/resolve-uri/-/resolve-uri-3.1.2.tgz 0ms (cache hit)
679 http cache lru-cache@https://registry.npmjs.org/lru-cache/-/lru-cache-5.1.1.tgz 0ms (cache hit)
680 http cache @babel/helper-globals@https://registry.npmjs.org/@babel/helper-globals/-/helper-globals-7.28.0.tgz 0ms (cache hit)
681 http cache browserslist@https://registry.npmjs.org/browserslist/-/browserslist-4.28.1.tgz 0ms (cache hit)
682 http cache @babel/helper-module-imports@https://registry.npmjs.org/@babel/helper-module-imports/-/helper-module-imports-7.28.6.tgz 0ms (cache hit)
683 http cache @babel/helper-plugin-utils@https://registry.npmjs.org/@babel/helper-plugin-utils/-/helper-plugin-utils-7.28.6.tgz 0ms (cache hit)
684 http cache jsesc@https://registry.npmjs.org/jsesc/-/jsesc-3.1.0.tgz 0ms (cache hit)
685 http cache @babel/helper-validator-option@https://registry.npmjs.org/@babel/helper-validator-option/-/helper-validator-option-7.27.1.tgz 0ms (cache hit)
686 http cache @babel/compat-data@https://registry.npmjs.org/@babel/compat-data/-/compat-data-7.29.0.tgz 0ms (cache hit)
687 http cache @jridgewell/trace-mapping@https://registry.npmjs.org/@jridgewell/trace-mapping/-/trace-mapping-0.3.31.tgz 0ms (cache hit)
688 http cache @babel/helper-validator-identifier@https://registry.npmjs.org/@babel/helper-validator-identifier/-/helper-validator-identifier-7.28.5.tgz 0ms (cache hit)
689 http cache @jridgewell/gen-mapping@https://registry.npmjs.org/@jridgewell/gen-mapping/-/gen-mapping-0.3.13.tgz 0ms (cache hit)
690 http cache json5@https://registry.npmjs.org/json5/-/json5-2.2.3.tgz 0ms (cache hit)
691 http cache picocolors@https://registry.npmjs.org/picocolors/-/picocolors-1.1.1.tgz 0ms (cache hit)
692 http cache semver@https://registry.npmjs.org/semver/-/semver-6.3.1.tgz 0ms (cache hit)
693 http cache gensync@https://registry.npmjs.org/gensync/-/gensync-1.0.0-beta.2.tgz 0ms (cache hit)
694 http cache js-tokens@https://registry.npmjs.org/js-tokens/-/js-tokens-4.0.0.tgz 0ms (cache hit)
695 http cache debug@https://registry.npmjs.org/debug/-/debug-4.4.3.tgz 0ms (cache hit)
696 http cache @jridgewell/remapping@https://registry.npmjs.org/@jridgewell/remapping/-/remapping-2.3.5.tgz 0ms (cache hit)
697 http cache convert-source-map@https://registry.npmjs.org/convert-source-map/-/convert-source-map-2.0.0.tgz 0ms (cache hit)
698 http cache @babel/traverse@https://registry.npmjs.org/@babel/traverse/-/traverse-7.29.0.tgz 0ms (cache hit)
699 http cache @babel/template@https://registry.npmjs.org/@babel/template/-/template-7.28.6.tgz 0ms (cache hit)
700 http cache @babel/parser@https://registry.npmjs.org/@babel/parser/-/parser-7.29.0.tgz 0ms (cache hit)
701 http cache @babel/types@https://registry.npmjs.org/@babel/types/-/types-7.29.0.tgz 0ms (cache hit)
702 http cache @babel/helper-compilation-targets@https://registry.npmjs.org/@babel/helper-compilation-targets/-/helper-compilation-targets-7.28.6.tgz 0ms (cache hit)
703 http cache @babel/helpers@https://registry.npmjs.org/@babel/helpers/-/helpers-7.28.6.tgz 0ms (cache hit)
704 http cache @babel/helper-module-transforms@https://registry.npmjs.org/@babel/helper-module-transforms/-/helper-module-transforms-7.28.6.tgz 0ms (cache hit)
705 http cache @types/babel__core@https://registry.npmjs.org/@types/babel__core/-/babel__core-7.20.5.tgz 0ms (cache hit)
706 http cache react-refresh@https://registry.npmjs.org/react-refresh/-/react-refresh-0.17.0.tgz 0ms (cache hit)
707 http cache @babel/generator@https://registry.npmjs.org/@babel/generator/-/generator-7.29.1.tgz 0ms (cache hit)
708 http cache @babel/code-frame@https://registry.npmjs.org/@babel/code-frame/-/code-frame-7.29.0.tgz 0ms (cache hit)
709 http cache @rolldown/pluginutils@https://registry.npmjs.org/@rolldown/pluginutils/-/pluginutils-1.0.0-beta.27.tgz 0ms (cache hit)
710 http cache react-dom@https://registry.npmjs.org/react-dom/-/react-dom-18.3.1.tgz 0ms (cache hit)
711 http cache @babel/core@https://registry.npmjs.org/@babel/core/-/core-7.29.0.tgz 0ms (cache hit)
712 http cache @babel/plugin-transform-react-jsx-self@https://registry.npmjs.org/@babel/plugin-transform-react-jsx-self/-/plugin-transform-react-jsx-self-7.27.1.tgz 0ms (cache hit)
713 http cache react@https://registry.npmjs.org/react/-/react-18.3.1.tgz 0ms (cache hit)
714 http cache @babel/plugin-transform-react-jsx-source@https://registry.npmjs.org/@babel/plugin-transform-react-jsx-source/-/plugin-transform-react-jsx-source-7.27.1.tgz 0ms (cache hit)
715 silly tarball no local data for @types/estree@https://registry.npmjs.org/@types/estree/-/estree-1.0.8.tgz. Extracting by manifest.
716 silly tarball no local data for source-map-js@https://registry.npmjs.org/source-map-js/-/source-map-js-1.2.1.tgz. Extracting by manifest.
717 silly tarball no local data for @rollup/rollup-win32-x64-gnu@https://registry.npmjs.org/@rollup/rollup-win32-x64-gnu/-/rollup-win32-x64-gnu-4.59.0.tgz. Extracting by manifest.
718 silly tarball no local data for @rollup/rollup-win32-x64-msvc@https://registry.npmjs.org/@rollup/rollup-win32-x64-msvc/-/rollup-win32-x64-msvc-4.59.0.tgz. Extracting by manifest.
719 silly tarball no local data for @esbuild/win32-x64@https://registry.npmjs.org/@esbuild/win32-x64/-/win32-x64-0.21.5.tgz. Extracting by manifest.
720 silly tarball no local data for rollup@https://registry.npmjs.org/rollup/-/rollup-4.59.0.tgz. Extracting by manifest.
721 http cache @vitejs/plugin-react@https://registry.npmjs.org/@vitejs/plugin-react/-/plugin-react-4.7.0.tgz 0ms (cache hit)
722 http cache vite@https://registry.npmjs.org/vite/-/vite-5.4.21.tgz 0ms (cache hit)
723 silly tarball no local data for nanoid@https://registry.npmjs.org/nanoid/-/nanoid-3.3.11.tgz. Extracting by manifest.
724 silly tarball no local data for postcss@https://registry.npmjs.org/postcss/-/postcss-8.5.8.tgz. Extracting by manifest.
725 silly tarball no local data for esbuild@https://registry.npmjs.org/esbuild/-/esbuild-0.21.5.tgz. Extracting by manifest.
726 silly tarball no local data for escalade@https://registry.npmjs.org/escalade/-/escalade-3.2.0.tgz. Extracting by manifest.
727 silly tarball no local data for scheduler@https://registry.npmjs.org/scheduler/-/scheduler-0.23.2.tgz. Extracting by manifest.
728 silly tarball no local data for loose-envify@https://registry.npmjs.org/loose-envify/-/loose-envify-1.4.0.tgz. Extracting by manifest.
729 silly tarball no local data for yallist@https://registry.npmjs.org/yallist/-/yallist-3.1.1.tgz. Extracting by manifest.
730 silly tarball no local data for ms@https://registry.npmjs.org/ms/-/ms-2.1.3.tgz. Extracting by manifest.
731 silly tarball no local data for node-releases@https://registry.npmjs.org/node-releases/-/node-releases-2.0.36.tgz. Extracting by manifest.
732 silly tarball no local data for update-browserslist-db@https://registry.npmjs.org/update-browserslist-db/-/update-browserslist-db-1.2.3.tgz. Extracting by manifest.
733 silly tarball no local data for electron-to-chromium@https://registry.npmjs.org/electron-to-chromium/-/electron-to-chromium-1.5.313.tgz. Extracting by manifest.
734 silly tarball no local data for baseline-browser-mapping@https://registry.npmjs.org/baseline-browser-mapping/-/baseline-browser-mapping-2.10.8.tgz. Extracting by manifest.
735 silly tarball no local data for @types/babel__traverse@https://registry.npmjs.org/@types/babel__traverse/-/babel__traverse-7.28.0.tgz. Extracting by manifest.
736 silly tarball no local data for caniuse-lite@https://registry.npmjs.org/caniuse-lite/-/caniuse-lite-1.0.30001779.tgz. Extracting by manifest.
737 silly tarball no local data for @types/babel__template@https://registry.npmjs.org/@types/babel__template/-/babel__template-7.4.4.tgz. Extracting by manifest.
738 silly tarball no local data for @types/babel__generator@https://registry.npmjs.org/@types/babel__generator/-/babel__generator-7.27.0.tgz. Extracting by manifest.
739 silly tarball no local data for @jridgewell/sourcemap-codec@https://registry.npmjs.org/@jridgewell/sourcemap-codec/-/sourcemap-codec-1.5.5.tgz. Extracting by manifest.
740 silly tarball no local data for @babel/helper-string-parser@https://registry.npmjs.org/@babel/helper-string-parser/-/helper-string-parser-7.27.1.tgz. Extracting by manifest.
741 silly tarball no local data for @jridgewell/resolve-uri@https://registry.npmjs.org/@jridgewell/resolve-uri/-/resolve-uri-3.1.2.tgz. Extracting by manifest.
742 silly tarball no local data for lru-cache@https://registry.npmjs.org/lru-cache/-/lru-cache-5.1.1.tgz. Extracting by manifest.
743 silly tarball no local data for @babel/helper-globals@https://registry.npmjs.org/@babel/helper-globals/-/helper-globals-7.28.0.tgz. Extracting by manifest.
744 silly tarball no local data for browserslist@https://registry.npmjs.org/browserslist/-/browserslist-4.28.1.tgz. Extracting by manifest.
745 silly tarball no local data for @babel/helper-module-imports@https://registry.npmjs.org/@babel/helper-module-imports/-/helper-module-imports-7.28.6.tgz. Extracting by manifest.
746 silly tarball no local data for @babel/helper-plugin-utils@https://registry.npmjs.org/@babel/helper-plugin-utils/-/helper-plugin-utils-7.28.6.tgz. Extracting by manifest.
747 silly tarball no local data for jsesc@https://registry.npmjs.org/jsesc/-/jsesc-3.1.0.tgz. Extracting by manifest.
748 silly tarball no local data for @babel/helper-validator-option@https://registry.npmjs.org/@babel/helper-validator-option/-/helper-validator-option-7.27.1.tgz. Extracting by manifest.
749 silly tarball no local data for @babel/compat-data@https://registry.npmjs.org/@babel/compat-data/-/compat-data-7.29.0.tgz. Extracting by manifest.
750 silly tarball no local data for @jridgewell/trace-mapping@https://registry.npmjs.org/@jridgewell/trace-mapping/-/trace-mapping-0.3.31.tgz. Extracting by manifest.
751 silly tarball no local data for @babel/helper-validator-identifier@https://registry.npmjs.org/@babel/helper-validator-identifier/-/helper-validator-identifier-7.28.5.tgz. Extracting by manifest.
752 silly tarball no local data for @jridgewell/gen-mapping@https://registry.npmjs.org/@jridgewell/gen-mapping/-/gen-mapping-0.3.13.tgz. Extracting by manifest.
753 silly tarball no local data for json5@https://registry.npmjs.org/json5/-/json5-2.2.3.tgz. Extracting by manifest.
754 silly tarball no local data for picocolors@https://registry.npmjs.org/picocolors/-/picocolors-1.1.1.tgz. Extracting by manifest.
755 silly tarball no local data for semver@https://registry.npmjs.org/semver/-/semver-6.3.1.tgz. Extracting by manifest.
756 silly tarball no local data for gensync@https://registry.npmjs.org/gensync/-/gensync-1.0.0-beta.2.tgz. Extracting by manifest.
757 silly tarball no local data for js-tokens@https://registry.npmjs.org/js-tokens/-/js-tokens-4.0.0.tgz. Extracting by manifest.
758 silly tarball no local data for debug@https://registry.npmjs.org/debug/-/debug-4.4.3.tgz. Extracting by manifest.
759 silly tarball no local data for @jridgewell/remapping@https://registry.npmjs.org/@jridgewell/remapping/-/remapping-2.3.5.tgz. Extracting by manifest.
760 silly tarball no local data for convert-source-map@https://registry.npmjs.org/convert-source-map/-/convert-source-map-2.0.0.tgz. Extracting by manifest.
761 silly tarball no local data for @babel/traverse@https://registry.npmjs.org/@babel/traverse/-/traverse-7.29.0.tgz. Extracting by manifest.
762 silly tarball no local data for @babel/template@https://registry.npmjs.org/@babel/template/-/template-7.28.6.tgz. Extracting by manifest.
763 silly tarball no local data for @babel/parser@https://registry.npmjs.org/@babel/parser/-/parser-7.29.0.tgz. Extracting by manifest.
764 silly tarball no local data for @babel/types@https://registry.npmjs.org/@babel/types/-/types-7.29.0.tgz. Extracting by manifest.
765 silly tarball no local data for @babel/helper-compilation-targets@https://registry.npmjs.org/@babel/helper-compilation-targets/-/helper-compilation-targets-7.28.6.tgz. Extracting by manifest.
766 silly tarball no local data for @babel/helpers@https://registry.npmjs.org/@babel/helpers/-/helpers-7.28.6.tgz. Extracting by manifest.
767 silly tarball no local data for @babel/helper-module-transforms@https://registry.npmjs.org/@babel/helper-module-transforms/-/helper-module-transforms-7.28.6.tgz. Extracting by manifest.
768 silly tarball no local data for @types/babel__core@https://registry.npmjs.org/@types/babel__core/-/babel__core-7.20.5.tgz. Extracting by manifest.
769 silly tarball no local data for react-refresh@https://registry.npmjs.org/react-refresh/-/react-refresh-0.17.0.tgz. Extracting by manifest.
770 silly tarball no local data for @babel/generator@https://registry.npmjs.org/@babel/generator/-/generator-7.29.1.tgz. Extracting by manifest.
771 silly tarball no local data for @babel/code-frame@https://registry.npmjs.org/@babel/code-frame/-/code-frame-7.29.0.tgz. Extracting by manifest.
772 silly tarball no local data for @rolldown/pluginutils@https://registry.npmjs.org/@rolldown/pluginutils/-/pluginutils-1.0.0-beta.27.tgz. Extracting by manifest.
773 silly tarball no local data for react-dom@https://registry.npmjs.org/react-dom/-/react-dom-18.3.1.tgz. Extracting by manifest.
774 silly tarball no local data for @babel/core@https://registry.npmjs.org/@babel/core/-/core-7.29.0.tgz. Extracting by manifest.
775 silly tarball no local data for @babel/plugin-transform-react-jsx-self@https://registry.npmjs.org/@babel/plugin-transform-react-jsx-self/-/plugin-transform-react-jsx-self-7.27.1.tgz. Extracting by manifest.
776 silly tarball no local data for react@https://registry.npmjs.org/react/-/react-18.3.1.tgz. Extracting by manifest.
777 silly tarball no local data for @babel/plugin-transform-react-jsx-source@https://registry.npmjs.org/@babel/plugin-transform-react-jsx-source/-/plugin-transform-react-jsx-source-7.27.1.tgz. Extracting by manifest.
778 silly tarball no local data for @vitejs/plugin-react@https://registry.npmjs.org/@vitejs/plugin-react/-/plugin-react-4.7.0.tgz. Extracting by manifest.
779 silly tarball no local data for vite@https://registry.npmjs.org/vite/-/vite-5.4.21.tgz. Extracting by manifest.
780 http fetch POST 200 https://registry.npmjs.org/-/npm/v1/security/advisories/bulk 177ms
781 silly audit report {
781 silly audit report   esbuild: [
781 silly audit report     {
781 silly audit report       id: 1102341,
781 silly audit report       url: 'https://github.com/advisories/GHSA-67mh-4wv8-2f99',
781 silly audit report       title: 'esbuild enables any website to send any requests to the development server and read the response',
781 silly audit report       severity: 'moderate',
781 silly audit report       vulnerable_versions: '<=0.24.2',
781 silly audit report       cwe: [Array],
781 silly audit report       cvss: [Object]
781 silly audit report     }
781 silly audit report   ]
781 silly audit report }
782 silly packumentCache corgi:https://registry.npmjs.org/esbuild cache-miss
783 http fetch GET 200 https://registry.npmjs.org/escalade/-/escalade-3.2.0.tgz 148ms (cache miss)
784 http fetch GET 200 https://registry.npmjs.org/source-map-js/-/source-map-js-1.2.1.tgz 216ms (cache miss)
785 http fetch GET 200 https://registry.npmjs.org/node-releases/-/node-releases-2.0.36.tgz 216ms (cache miss)
786 http fetch GET 200 https://registry.npmjs.org/update-browserslist-db/-/update-browserslist-db-1.2.3.tgz 216ms (cache miss)
787 http fetch GET 200 https://registry.npmjs.org/electron-to-chromium/-/electron-to-chromium-1.5.313.tgz 239ms (cache miss)
788 http fetch GET 200 https://registry.npmjs.org/@types/babel__traverse/-/babel__traverse-7.28.0.tgz 317ms (cache miss)
789 http fetch GET 200 https://registry.npmjs.org/ms/-/ms-2.1.3.tgz 327ms (cache miss)
790 http fetch GET 200 https://registry.npmjs.org/@rollup/rollup-win32-x64-msvc/-/rollup-win32-x64-msvc-4.59.0.tgz 350ms (cache miss)
791 http fetch GET 200 https://registry.npmjs.org/esbuild/-/esbuild-0.21.5.tgz 367ms (cache miss)
792 http fetch GET 200 https://registry.npmjs.org/baseline-browser-mapping/-/baseline-browser-mapping-2.10.8.tgz 367ms (cache miss)
793 http fetch GET 200 https://registry.npmjs.org/@types/babel__generator/-/babel__generator-7.27.0.tgz 367ms (cache miss)
794 http fetch GET 200 https://registry.npmjs.org/@babel/helper-string-parser/-/helper-string-parser-7.27.1.tgz 410ms (cache miss)
795 http fetch GET 200 https://registry.npmjs.org/scheduler/-/scheduler-0.23.2.tgz 422ms (cache miss)
796 http fetch GET 200 https://registry.npmjs.org/jsesc/-/jsesc-3.1.0.tgz 466ms (cache miss)
797 http fetch GET 200 https://registry.npmjs.org/loose-envify/-/loose-envify-1.4.0.tgz 487ms (cache miss)
798 http fetch GET 200 https://registry.npmjs.org/yallist/-/yallist-3.1.1.tgz 491ms (cache miss)
799 http fetch GET 200 https://registry.npmjs.org/@jridgewell/resolve-uri/-/resolve-uri-3.1.2.tgz 491ms (cache miss)
800 http fetch GET 200 https://registry.npmjs.org/browserslist/-/browserslist-4.28.1.tgz 493ms (cache miss)
801 http fetch GET 200 https://registry.npmjs.org/@babel/helper-globals/-/helper-globals-7.28.0.tgz 497ms (cache miss)
802 http fetch GET 200 https://registry.npmjs.org/@rollup/rollup-win32-x64-gnu/-/rollup-win32-x64-gnu-4.59.0.tgz 519ms (cache miss)
803 http fetch GET 200 https://registry.npmjs.org/@babel/helper-plugin-utils/-/helper-plugin-utils-7.28.6.tgz 519ms (cache miss)
804 http fetch GET 200 https://registry.npmjs.org/picocolors/-/picocolors-1.1.1.tgz 559ms (cache miss)
805 http fetch GET 200 https://registry.npmjs.org/nanoid/-/nanoid-3.3.11.tgz 581ms (cache miss)
806 http fetch GET 200 https://registry.npmjs.org/@types/estree/-/estree-1.0.8.tgz 595ms (cache miss)
807 http fetch GET 200 https://registry.npmjs.org/@types/babel__template/-/babel__template-7.4.4.tgz 597ms (cache miss)
808 http fetch GET 200 https://registry.npmjs.org/@babel/helper-module-imports/-/helper-module-imports-7.28.6.tgz 592ms (cache miss)
809 http fetch GET 200 https://registry.npmjs.org/@babel/compat-data/-/compat-data-7.29.0.tgz 595ms (cache miss)
810 http fetch GET 200 https://registry.npmjs.org/lru-cache/-/lru-cache-5.1.1.tgz 601ms (cache miss)
811 http fetch GET 200 https://registry.npmjs.org/convert-source-map/-/convert-source-map-2.0.0.tgz 598ms (cache miss)
812 http fetch GET 200 https://registry.npmjs.org/js-tokens/-/js-tokens-4.0.0.tgz 621ms (cache miss)
813 http fetch GET 200 https://registry.npmjs.org/@babel/helper-validator-option/-/helper-validator-option-7.27.1.tgz 652ms (cache miss)
814 http fetch GET 200 https://registry.npmjs.org/@jridgewell/sourcemap-codec/-/sourcemap-codec-1.5.5.tgz 666ms (cache miss)
815 http fetch GET 200 https://registry.npmjs.org/react-refresh/-/react-refresh-0.17.0.tgz 669ms (cache miss)
816 http fetch GET 200 https://registry.npmjs.org/@jridgewell/remapping/-/remapping-2.3.5.tgz 677ms (cache miss)
817 http fetch GET 200 https://registry.npmjs.org/@types/babel__core/-/babel__core-7.20.5.tgz 676ms (cache miss)
818 http fetch GET 200 https://registry.npmjs.org/semver/-/semver-6.3.1.tgz 687ms (cache miss)
819 http fetch GET 200 https://registry.npmjs.org/@babel/helper-compilation-targets/-/helper-compilation-targets-7.28.6.tgz 684ms (cache miss)
820 http fetch GET 200 https://registry.npmjs.org/@babel/helper-validator-identifier/-/helper-validator-identifier-7.28.5.tgz 718ms (cache miss)
821 http fetch GET 200 https://registry.npmjs.org/@babel/code-frame/-/code-frame-7.29.0.tgz 714ms (cache miss)
822 http fetch GET 200 https://registry.npmjs.org/@babel/plugin-transform-react-jsx-self/-/plugin-transform-react-jsx-self-7.27.1.tgz 758ms (cache miss)
823 http fetch GET 200 https://registry.npmjs.org/@rolldown/pluginutils/-/pluginutils-1.0.0-beta.27.tgz 779ms (cache miss)
824 http fetch GET 200 https://registry.npmjs.org/@babel/plugin-transform-react-jsx-source/-/plugin-transform-react-jsx-source-7.27.1.tgz 793ms (cache miss)
825 http fetch GET 200 https://registry.npmjs.org/json5/-/json5-2.2.3.tgz 854ms (cache miss)
826 http fetch GET 200 https://registry.npmjs.org/@vitejs/plugin-react/-/plugin-react-4.7.0.tgz 875ms (cache miss)
827 http fetch GET 200 https://registry.npmjs.org/rollup/-/rollup-4.59.0.tgz 933ms (cache miss)
828 http fetch GET 200 https://registry.npmjs.org/@babel/helper-module-transforms/-/helper-module-transforms-7.28.6.tgz 903ms (cache miss)
829 http fetch GET 200 https://registry.npmjs.org/esbuild 865ms (cache miss)
830 silly packumentCache corgi:https://registry.npmjs.org/esbuild set size:undefined disposed:false
831 http fetch GET 200 https://registry.npmjs.org/@jridgewell/gen-mapping/-/gen-mapping-0.3.13.tgz 988ms (cache miss)
832 http fetch GET 200 https://registry.npmjs.org/@babel/parser/-/parser-7.29.0.tgz 1009ms (cache miss)
833 silly packumentCache corgi:https://registry.npmjs.org/vite cache-miss
834 http fetch GET 200 https://registry.npmjs.org/react/-/react-18.3.1.tgz 1010ms (cache miss)
835 http fetch GET 200 https://registry.npmjs.org/@babel/template/-/template-7.28.6.tgz 1048ms (cache miss)
836 http fetch GET 200 https://registry.npmjs.org/debug/-/debug-4.4.3.tgz 1119ms (cache miss)
837 http fetch GET 200 https://registry.npmjs.org/@jridgewell/trace-mapping/-/trace-mapping-0.3.31.tgz 1145ms (cache miss)
838 http fetch GET 200 https://registry.npmjs.org/postcss/-/postcss-8.5.8.tgz 1229ms (cache miss)
839 http fetch GET 200 https://registry.npmjs.org/vite 217ms (cache miss)
840 silly packumentCache corgi:https://registry.npmjs.org/vite set size:undefined disposed:false
841 silly packumentCache corgi:https://registry.npmjs.org/@vitejs%2fplugin-react cache-miss
842 http fetch GET 200 https://registry.npmjs.org/gensync/-/gensync-1.0.0-beta.2.tgz 1411ms (cache miss)
843 http fetch GET 200 https://registry.npmjs.org/@esbuild/win32-x64/-/win32-x64-0.21.5.tgz 1452ms (cache miss)
844 http fetch GET 200 https://registry.npmjs.org/@babel/generator/-/generator-7.29.1.tgz 1426ms (cache miss)
845 http fetch GET 200 https://registry.npmjs.org/vite/-/vite-5.4.21.tgz 1460ms (cache miss)
846 http fetch GET 200 https://registry.npmjs.org/react-dom/-/react-dom-18.3.1.tgz 1490ms (cache miss)
847 http fetch GET 200 https://registry.npmjs.org/@babel/traverse/-/traverse-7.29.0.tgz 1505ms (cache miss)
848 http fetch GET 200 https://registry.npmjs.org/@vitejs%2fplugin-react 108ms (cache miss)
849 silly packumentCache corgi:https://registry.npmjs.org/@vitejs%2fplugin-react set size:undefined disposed:false
850 http fetch GET 200 https://registry.npmjs.org/@babel/core/-/core-7.29.0.tgz 1795ms (cache miss)
851 http fetch GET 200 https://registry.npmjs.org/@babel/types/-/types-7.29.0.tgz 2090ms (cache miss)
852 http fetch GET 200 https://registry.npmjs.org/@babel/helpers/-/helpers-7.28.6.tgz 2218ms (cache miss)
853 http fetch GET 200 https://registry.npmjs.org/caniuse-lite/-/caniuse-lite-1.0.30001779.tgz 3652ms (cache miss)
854 info run esbuild@0.21.5 postinstall node_modules/esbuild node install.js
855 info run esbuild@0.21.5 postinstall { code: 0, signal: null }
856 silly ADD node_modules/@types/estree
857 silly ADD node_modules/@rollup/rollup-win32-x64-msvc
858 silly ADD node_modules/@rollup/rollup-win32-x64-gnu
859 silly ADD node_modules/source-map-js
860 silly ADD node_modules/nanoid
861 silly ADD node_modules/@esbuild/win32-x64
862 silly ADD node_modules/rollup
863 silly ADD node_modules/postcss
864 silly ADD node_modules/esbuild
865 silly ADD node_modules/escalade
866 silly ADD node_modules/scheduler
867 silly ADD node_modules/loose-envify
868 silly ADD node_modules/yallist
869 silly ADD node_modules/ms
870 silly ADD node_modules/update-browserslist-db
871 silly ADD node_modules/node-releases
872 silly ADD node_modules/electron-to-chromium
873 silly ADD node_modules/caniuse-lite
874 silly ADD node_modules/baseline-browser-mapping
875 silly ADD node_modules/@types/babel__traverse
876 silly ADD node_modules/@types/babel__template
877 silly ADD node_modules/@types/babel__generator
878 silly ADD node_modules/@jridgewell/resolve-uri
879 silly ADD node_modules/@jridgewell/sourcemap-codec
880 silly ADD node_modules/@babel/helper-string-parser
881 silly ADD node_modules/@babel/helper-globals
882 silly ADD node_modules/@babel/helper-plugin-utils
883 silly ADD node_modules/@babel/helper-module-imports
884 silly ADD node_modules/lru-cache
885 silly ADD node_modules/browserslist
886 silly ADD node_modules/@babel/helper-validator-option
887 silly ADD node_modules/@babel/compat-data
888 silly ADD node_modules/jsesc
889 silly ADD node_modules/@jridgewell/trace-mapping
890 silly ADD node_modules/@jridgewell/gen-mapping
891 silly ADD node_modules/picocolors
892 silly ADD node_modules/js-tokens
893 silly ADD node_modules/@babel/helper-validator-identifier
894 silly ADD node_modules/semver
895 silly ADD node_modules/json5
896 silly ADD node_modules/gensync
897 silly ADD node_modules/debug
898 silly ADD node_modules/convert-source-map
899 silly ADD node_modules/@jridgewell/remapping
900 silly ADD node_modules/@babel/types
901 silly ADD node_modules/@babel/traverse
902 silly ADD node_modules/@babel/template
903 silly ADD node_modules/@babel/parser
904 silly ADD node_modules/@babel/helpers
905 silly ADD node_modules/@babel/helper-module-transforms
906 silly ADD node_modules/@babel/helper-compilation-targets
907 silly ADD node_modules/@babel/generator
908 silly ADD node_modules/@babel/code-frame
909 silly ADD node_modules/react-refresh
910 silly ADD node_modules/@types/babel__core
911 silly ADD node_modules/@rolldown/pluginutils
912 silly ADD node_modules/@babel/plugin-transform-react-jsx-source
913 silly ADD node_modules/@babel/plugin-transform-react-jsx-self
914 silly ADD node_modules/@babel/core
915 silly ADD node_modules/react-dom
916 silly ADD node_modules/react
917 silly ADD node_modules/vite
918 silly ADD node_modules/@vitejs/plugin-react
919 verbose cwd C:\Users\noice\Downloads\tareas-ecolares-main\tareas-ecolares-main\backend\frontend
920 verbose os Windows_NT 10.0.26100
921 verbose node v24.13.0
922 verbose npm  v11.6.2
923 verbose exit 0
924 info ok
