0 verbose cli C:\Program Files\nodejs\node.exe C:\Program Files\nodejs\node_modules\npm\bin\npm-cli.js
1 info using npm@11.6.2
2 info using node@v24.13.0
3 silly config load:file:C:\Program Files\nodejs\node_modules\npm\npmrc
4 silly config load:file:C:\Users\noice\Downloads\tareas-ecolares-main\tareas-ecolares-main\backend\frontend\.npmrc
5 silly config load:file:C:\Users\noice\.npmrc
6 silly config load:file:C:\Users\noice\AppData\Roaming\npm\etc\npmrc
7 verbose title npm install
8 verbose argv "install" "--cache" ".npm-cache"
9 verbose logfile logs-max:10 dir:C:\Users\noice\Downloads\tareas-ecolares-main\tareas-ecolares-main\backend\frontend\.npm-cache\_logs\2026-03-16T20_00_07_274Z-
10 verbose logfile C:\Users\noice\Downloads\tareas-ecolares-main\tareas-ecolares-main\backend\frontend\.npm-cache\_logs\2026-03-16T20_00_07_274Z-debug-0.log
11 silly logfile done cleaning log files
12 silly packumentCache heap:4496293888 maxSize:1124073472 maxEntrySize:562036736
13 silly idealTree buildDeps
14 silly fetch manifest react@^18.3.1
15 silly packumentCache full:https://registry.npmjs.org/react cache-miss
16 http fetch GET https://registry.npmjs.org/react attempt 1 failed with EACCES
17 http fetch GET https://registry.npmjs.org/npm attempt 1 failed with EACCES
18 http fetch GET https://registry.npmjs.org/react attempt 2 failed with EACCES
19 http fetch GET https://registry.npmjs.org/npm attempt 2 failed with EACCES
20 http fetch GET https://registry.npmjs.org/react attempt 3 failed with EACCES
21 silly fetch manifest react-dom@^18.3.1
22 silly packumentCache full:https://registry.npmjs.org/react-dom cache-miss
23 http fetch GET https://registry.npmjs.org/npm attempt 3 failed with EACCES
24 http fetch GET https://registry.npmjs.org/react-dom attempt 1 failed with EACCES
25 http fetch GET https://registry.npmjs.org/react-dom attempt 2 failed with EACCES
26 http fetch GET https://registry.npmjs.org/react-dom attempt 3 failed with EACCES
27 silly fetch manifest @vitejs/plugin-react@^4.3.2
28 silly packumentCache full:https://registry.npmjs.org/@vitejs%2fplugin-react cache-miss
29 http fetch GET https://registry.npmjs.org/@vitejs%2fplugin-react attempt 1 failed with EACCES
30 http fetch GET https://registry.npmjs.org/@vitejs%2fplugin-react attempt 2 failed with EACCES
31 http fetch GET https://registry.npmjs.org/@vitejs%2fplugin-react attempt 3 failed with EACCES
32 silly fetch manifest vite@^5.4.8
33 silly packumentCache full:https://registry.npmjs.org/vite cache-miss
34 http fetch GET https://registry.npmjs.org/vite attempt 1 failed with EACCES
35 http fetch GET https://registry.npmjs.org/vite attempt 2 failed with EACCES
36 http fetch GET https://registry.npmjs.org/vite attempt 3 failed with EACCES
37 silly placeDep ROOT @vitejs/plugin-react@ OK for: tareas-escolares-frontend@0.1.0 want: ^4.3.2
38 silly placeDep ROOT react@ OK for: tareas-escolares-frontend@0.1.0 want: ^18.3.1
39 silly placeDep ROOT react-dom@ OK for: tareas-escolares-frontend@0.1.0 want: ^18.3.1
40 silly placeDep ROOT vite@ OK for: tareas-escolares-frontend@0.1.0 want: ^5.4.8
41 verbose type system
42 verbose stack FetchError: request to https://registry.npmjs.org/@vitejs%2fplugin-react failed, reason: 
42 verbose stack     at ClientRequest.<anonymous> (C:\Program Files\nodejs\node_modules\npm\node_modules\minipass-fetch\lib\index.js:130:14)
42 verbose stack     at ClientRequest.emit (node:events:508:28)
42 verbose stack     at emitErrorEvent (node:_http_client:108:11)
42 verbose stack     at _destroy (node:_http_client:962:9)
42 verbose stack     at onSocketNT (node:_http_client:982:5)
42 verbose stack     at process.processTicksAndRejections (node:internal/process/task_queues:90:21)
43 error code EACCES
44 error errno EACCES
45 error FetchError: request to https://registry.npmjs.org/@vitejs%2fplugin-react failed, reason: 
45 error     at ClientRequest.<anonymous> (C:\Program Files\nodejs\node_modules\npm\node_modules\minipass-fetch\lib\index.js:130:14)
45 error     at ClientRequest.emit (node:events:508:28)
45 error     at emitErrorEvent (node:_http_client:108:11)
45 error     at _destroy (node:_http_client:962:9)
45 error     at onSocketNT (node:_http_client:982:5)
45 error     at process.processTicksAndRejections (node:internal/process/task_queues:90:21) {
45 error   code: 'EACCES',
45 error   errno: 'EACCES',
45 error   type: 'system',
45 error   requiredBy: '.'
45 error }
46 error
46 error The operation was rejected by your operating system.
46 error It's possible that the file was already in use (by a text editor or antivirus),
46 error or that you lack permissions to access it.
46 error
46 error If you believe this might be a permissions issue, please double-check the
46 error permissions of the file and its containing directories, or try running
46 error the command again as root/Administrator.
47 silly unfinished npm timer reify 1773691208232
48 silly unfinished npm timer reify:loadTrees 1773691208233
49 verbose cwd C:\Users\noice\Downloads\tareas-ecolares-main\tareas-ecolares-main\backend\frontend
50 verbose os Windows_NT 10.0.26100
51 verbose node v24.13.0
52 verbose npm  v11.6.2
53 verbose exit 1
54 verbose code 1
55 error A complete log of this run can be found in: C:\Users\noice\Downloads\tareas-ecolares-main\tareas-ecolares-main\backend\frontend\.npm-cache\_logs\2026-03-16T20_00_07_274Z-debug-0.log
